0 info it worked if it ends with ok
1 verbose cli [
1 verbose cli   '/usr/local/bin/node',
1 verbose cli   '/usr/local/bin/npm',
1 verbose cli   'install',
1 verbose cli   '--ignore-scripts',
1 verbose cli   '@types/accepts@ts3.6',
1 verbose cli   '@types/body-parser@ts3.6',
1 verbose cli   '@types/bytes@ts3.6',
1 verbose cli   '@types/call-bind@ts3.6',
1 verbose cli   '@types/content-disposition@ts3.6',
1 verbose cli   '@types/content-type@ts3.6',
1 verbose cli   '@types/cookie@ts3.6',
1 verbose cli   '@types/cookie-signature@ts3.6',
1 verbose cli   '@types/debug@ts3.6',
1 verbose cli   '@types/depd@ts3.6',
1 verbose cli   '@types/destroy@ts3.6',
1 verbose cli   '@types/ee-first@ts3.6',
1 verbose cli   '@types/encodeurl@ts3.6',
1 verbose cli   '@types/escape-html@ts3.6',
1 verbose cli   '@types/etag@ts3.6',
1 verbose cli   '@types/finalhandler@ts3.6',
1 verbose cli   '@types/forwarded@ts3.6',
1 verbose cli   '@types/fresh@ts3.6',
1 verbose cli   '@types/function-bind@ts3.6',
1 verbose cli   '@types/get-intrinsic@ts3.6',
1 verbose cli   '@types/has@ts3.6',
1 verbose cli   '@types/has-symbols@ts3.6',
1 verbose cli   '@types/http-errors@ts3.6',
1 verbose cli   '@types/inherits@ts3.6',
1 verbose cli   '@types/media-typer@ts3.6',
1 verbose cli   '@types/merge-descriptors@ts3.6',
1 verbose cli   '@types/methods@ts3.6',
1 verbose cli   '@types/mime@ts3.6',
1 verbose cli   '@types/mime-db@ts3.6',
1 verbose cli   '@types/mime-types@ts3.6',
1 verbose cli   '@types/ms@ts3.6',
1 verbose cli   '@types/negotiator@ts3.6',
1 verbose cli   '@types/object-inspect@ts3.6',
1 verbose cli   '@types/on-finished@ts3.6',
1 verbose cli   '@types/parseurl@ts3.6',
1 verbose cli   '@types/proxy-addr@ts3.6',
1 verbose cli   '@types/qs@ts3.6',
1 verbose cli   '@types/range-parser@ts3.6',
1 verbose cli   '@types/safer-buffer@ts3.6',
1 verbose cli   '@types/send@ts3.6',
1 verbose cli   '@types/serve-static@ts3.6',
1 verbose cli   '@types/statuses@ts3.6',
1 verbose cli   '@types/type-is@ts3.6',
1 verbose cli   '@types/utils-merge@ts3.6',
1 verbose cli   '--save-dev',
1 verbose cli   '--user-agent=typesInstaller/3.6.3'
1 verbose cli ]
2 info using npm@6.14.6
3 info using node@v12.18.3
4 verbose npm-session 76f326c3c9022eae
5 silly install loadCurrentTree
6 silly install readLocalPackageData
7 http fetch GET 304 https://registry.npmjs.org/@types%2fcall-bind 908ms (from cache)
8 silly registry:manifest no matching version for @types/call-bind@ts3.6 in the cache. Forcing revalidation.
9 http fetch GET 304 https://registry.npmjs.org/@types%2faccepts 939ms (from cache)
10 http fetch GET 304 https://registry.npmjs.org/@types%2fcookie-signature 936ms (from cache)
11 http fetch GET 304 https://registry.npmjs.org/@types%2fbody-parser 971ms (from cache)
12 http fetch GET 304 https://registry.npmjs.org/@types%2fbytes 970ms (from cache)
13 http fetch GET 304 https://registry.npmjs.org/@types%2fdebug 954ms (from cache)
14 silly pacote tag manifest for @types/bytes@ts3.6 fetched in 998ms
15 http fetch GET 304 https://registry.npmjs.org/@types%2fcontent-disposition 997ms (from cache)
16 http fetch GET 304 https://registry.npmjs.org/@types%2fdepd 980ms (from cache)
17 silly pacote tag manifest for @types/cookie-signature@ts3.6 fetched in 988ms
18 silly pacote tag manifest for @types/accepts@ts3.6 fetched in 1033ms
19 silly pacote tag manifest for @types/body-parser@ts3.6 fetched in 1015ms
20 http fetch GET 304 https://registry.npmjs.org/@types%2fcontent-type 1004ms (from cache)
21 silly pacote tag manifest for @types/debug@ts3.6 fetched in 1000ms
22 silly pacote tag manifest for @types/content-disposition@ts3.6 fetched in 1162ms
23 silly pacote tag manifest for @types/depd@ts3.6 fetched in 1163ms
24 silly pacote tag manifest for @types/content-type@ts3.6 fetched in 1218ms
25 http fetch GET 304 https://registry.npmjs.org/@types%2fcookie 1400ms (from cache)
26 http fetch GET 304 https://registry.npmjs.org/@types%2fencodeurl 415ms (from cache)
27 http fetch GET 304 https://registry.npmjs.org/@types%2fdestroy 463ms (from cache)
28 silly pacote tag manifest for @types/encodeurl@ts3.6 fetched in 471ms
29 silly pacote tag manifest for @types/cookie@ts3.6 fetched in 1489ms
30 silly pacote tag manifest for @types/destroy@ts3.6 fetched in 502ms
31 http fetch GET 304 https://registry.npmjs.org/@types%2fescape-html 497ms (from cache)
32 http fetch GET 304 https://registry.npmjs.org/@types%2fetag 547ms (from cache)
33 http fetch GET 304 https://registry.npmjs.org/@types%2fee-first 569ms (from cache)
34 http fetch GET 304 https://registry.npmjs.org/@types%2ffresh 375ms (from cache)
35 silly pacote tag manifest for @types/ee-first@ts3.6 fetched in 599ms
36 silly pacote tag manifest for @types/escape-html@ts3.6 fetched in 605ms
37 silly pacote tag manifest for @types/etag@ts3.6 fetched in 602ms
38 http fetch GET 304 https://registry.npmjs.org/@types%2fforwarded 449ms (from cache)
39 http fetch GET 304 https://registry.npmjs.org/@types%2ffinalhandler 469ms (from cache)
40 silly pacote tag manifest for @types/forwarded@ts3.6 fetched in 502ms
41 silly pacote tag manifest for @types/finalhandler@ts3.6 fetched in 534ms
42 silly pacote tag manifest for @types/fresh@ts3.6 fetched in 491ms
43 http fetch GET 304 https://registry.npmjs.org/@types%2fget-intrinsic 327ms (from cache)
44 silly registry:manifest no matching version for @types/get-intrinsic@ts3.6 in the cache. Forcing revalidation.
45 http fetch GET 304 https://registry.npmjs.org/@types%2fhas 336ms (from cache)
46 http fetch GET 304 https://registry.npmjs.org/@types%2ffunction-bind 358ms (from cache)
47 http fetch GET 304 https://registry.npmjs.org/@types%2fhttp-errors 256ms (from cache)
48 http fetch GET 304 https://registry.npmjs.org/@types%2finherits 255ms (from cache)
49 http fetch GET 304 https://registry.npmjs.org/@types%2fhas-symbols 275ms (from cache)
50 silly pacote tag manifest for @types/inherits@ts3.6 fetched in 302ms
51 silly pacote tag manifest for @types/has-symbols@ts3.6 fetched in 324ms
52 silly pacote tag manifest for @types/has@ts3.6 fetched in 441ms
53 silly pacote tag manifest for @types/http-errors@ts3.6 fetched in 327ms
54 silly pacote tag manifest for @types/function-bind@ts3.6 fetched in 467ms
55 http fetch GET 304 https://registry.npmjs.org/@types%2fmerge-descriptors 443ms (from cache)
56 http fetch GET 304 https://registry.npmjs.org/@types%2fmedia-typer 454ms (from cache)
57 silly pacote tag manifest for @types/merge-descriptors@ts3.6 fetched in 465ms
58 silly pacote tag manifest for @types/media-typer@ts3.6 fetched in 483ms
59 http fetch GET 304 https://registry.npmjs.org/@types%2fmime 248ms (from cache)
60 http fetch GET 304 https://registry.npmjs.org/@types%2fmethods 459ms (from cache)
61 http fetch GET 200 https://registry.npmjs.org/@types%2fcall-bind 1281ms
62 silly pacote tag manifest for @types/mime@ts3.6 fetched in 268ms
63 silly fetchPackageMetaData error for @types/call-bind@ts3.6 No matching version found for @types/call-bind@ts3.6.
64 silly pacote tag manifest for @types/methods@ts3.6 fetched in 489ms
65 http fetch GET 304 https://registry.npmjs.org/@types%2fnegotiator 279ms (from cache)
66 silly pacote tag manifest for @types/negotiator@ts3.6 fetched in 309ms
67 http fetch GET 304 https://registry.npmjs.org/@types%2fmime-types 312ms (from cache)
68 http fetch GET 304 https://registry.npmjs.org/@types%2fms 342ms (from cache)
69 silly pacote tag manifest for @types/mime-types@ts3.6 fetched in 344ms
70 silly pacote tag manifest for @types/ms@ts3.6 fetched in 369ms
71 http fetch GET 304 https://registry.npmjs.org/@types%2fmime-db 374ms (from cache)
72 silly pacote tag manifest for @types/mime-db@ts3.6 fetched in 394ms
73 http fetch GET 304 https://registry.npmjs.org/@types%2fobject-inspect 214ms (from cache)
74 http fetch GET 304 https://registry.npmjs.org/@types%2fon-finished 205ms (from cache)
75 silly pacote tag manifest for @types/on-finished@ts3.6 fetched in 233ms
76 silly pacote tag manifest for @types/object-inspect@ts3.6 fetched in 243ms
77 http fetch GET 304 https://registry.npmjs.org/@types%2fproxy-addr 210ms (from cache)
78 http fetch GET 304 https://registry.npmjs.org/@types%2fparseurl 224ms (from cache)
79 silly pacote tag manifest for @types/proxy-addr@ts3.6 fetched in 277ms
80 silly pacote tag manifest for @types/parseurl@ts3.6 fetched in 294ms
81 http fetch GET 304 https://registry.npmjs.org/@types%2fqs 312ms (from cache)
82 silly pacote tag manifest for @types/qs@ts3.6 fetched in 323ms
83 http fetch GET 304 https://registry.npmjs.org/@types%2frange-parser 267ms (from cache)
84 http fetch GET 304 https://registry.npmjs.org/@types%2fsafer-buffer 239ms (from cache)
85 http fetch GET 304 https://registry.npmjs.org/@types%2fsend 217ms (from cache)
86 silly pacote tag manifest for @types/range-parser@ts3.6 fetched in 277ms
87 http fetch GET 304 https://registry.npmjs.org/@types%2fserve-static 204ms (from cache)
88 silly pacote tag manifest for @types/safer-buffer@ts3.6 fetched in 253ms
89 silly pacote tag manifest for @types/send@ts3.6 fetched in 229ms
90 silly pacote tag manifest for @types/serve-static@ts3.6 fetched in 211ms
91 http fetch GET 304 https://registry.npmjs.org/@types%2ftype-is 154ms (from cache)
92 silly pacote tag manifest for @types/type-is@ts3.6 fetched in 160ms
93 http fetch GET 304 https://registry.npmjs.org/@types%2fstatuses 161ms (from cache)
94 silly pacote tag manifest for @types/statuses@ts3.6 fetched in 167ms
95 http fetch GET 200 https://registry.npmjs.org/@types%2fget-intrinsic 1217ms
96 silly fetchPackageMetaData error for @types/get-intrinsic@ts3.6 No matching version found for @types/get-intrinsic@ts3.6.
97 http fetch GET 304 https://registry.npmjs.org/@types%2futils-merge 968ms (from cache)
98 silly pacote tag manifest for @types/utils-merge@ts3.6 fetched in 983ms
99 timing stage:rollbackFailedOptional Completed in 1ms
100 timing stage:runTopLevelLifecycles Completed in 4161ms
101 verbose type tag
102 verbose stack @types/call-bind: No matching version found for @types/call-bind@ts3.6.
102 verbose stack     at pickManifest (/usr/local/lib/node_modules/npm/node_modules/npm-pick-manifest/index.js:122:13)
102 verbose stack     at /usr/local/lib/node_modules/npm/node_modules/pacote/lib/fetchers/registry/manifest.js:43:18
102 verbose stack     at tryCatcher (/usr/local/lib/node_modules/npm/node_modules/bluebird/js/release/util.js:16:23)
102 verbose stack     at Promise._settlePromiseFromHandler (/usr/local/lib/node_modules/npm/node_modules/bluebird/js/release/promise.js:517:31)
102 verbose stack     at Promise._settlePromise (/usr/local/lib/node_modules/npm/node_modules/bluebird/js/release/promise.js:574:18)
102 verbose stack     at Promise._settlePromise0 (/usr/local/lib/node_modules/npm/node_modules/bluebird/js/release/promise.js:619:10)
102 verbose stack     at Promise._settlePromises (/usr/local/lib/node_modules/npm/node_modules/bluebird/js/release/promise.js:699:18)
102 verbose stack     at _drainQueueStep (/usr/local/lib/node_modules/npm/node_modules/bluebird/js/release/async.js:138:12)
102 verbose stack     at _drainQueue (/usr/local/lib/node_modules/npm/node_modules/bluebird/js/release/async.js:131:9)
102 verbose stack     at Async._drainQueues (/usr/local/lib/node_modules/npm/node_modules/bluebird/js/release/async.js:147:5)
102 verbose stack     at Immediate.Async.drainQueues [as _onImmediate] (/usr/local/lib/node_modules/npm/node_modules/bluebird/js/release/async.js:17:14)
102 verbose stack     at processImmediate (internal/timers.js:456:21)
103 verbose cwd /home/theia/.cache/typescript/3.6
104 verbose Linux 5.15.0-39-generic
105 verbose argv "/usr/local/bin/node" "/usr/local/bin/npm" "install" "--ignore-scripts" "@types/accepts@ts3.6" "@types/body-parser@ts3.6" "@types/bytes@ts3.6" "@types/call-bind@ts3.6" "@types/content-disposition@ts3.6" "@types/content-type@ts3.6" "@types/cookie@ts3.6" "@types/cookie-signature@ts3.6" "@types/debug@ts3.6" "@types/depd@ts3.6" "@types/destroy@ts3.6" "@types/ee-first@ts3.6" "@types/encodeurl@ts3.6" "@types/escape-html@ts3.6" "@types/etag@ts3.6" "@types/finalhandler@ts3.6" "@types/forwarded@ts3.6" "@types/fresh@ts3.6" "@types/function-bind@ts3.6" "@types/get-intrinsic@ts3.6" "@types/has@ts3.6" "@types/has-symbols@ts3.6" "@types/http-errors@ts3.6" "@types/inherits@ts3.6" "@types/media-typer@ts3.6" "@types/merge-descriptors@ts3.6" "@types/methods@ts3.6" "@types/mime@ts3.6" "@types/mime-db@ts3.6" "@types/mime-types@ts3.6" "@types/ms@ts3.6" "@types/negotiator@ts3.6" "@types/object-inspect@ts3.6" "@types/on-finished@ts3.6" "@types/parseurl@ts3.6" "@types/proxy-addr@ts3.6" "@types/qs@ts3.6" "@types/range-parser@ts3.6" "@types/safer-buffer@ts3.6" "@types/send@ts3.6" "@types/serve-static@ts3.6" "@types/statuses@ts3.6" "@types/type-is@ts3.6" "@types/utils-merge@ts3.6" "--save-dev" "--user-agent=typesInstaller/3.6.3"
106 verbose node v12.18.3
107 verbose npm  v6.14.6
108 error code ETARGET
109 error notarget No matching version found for @types/call-bind@ts3.6.
110 error notarget In most cases you or one of your dependencies are requesting
110 error notarget a package version that doesn't exist.
111 verbose exit [ 1, true ]
