0 info it worked if it ends with ok
1 verbose cli [
1 verbose cli   '/usr/local/bin/node',
1 verbose cli   '/usr/local/bin/npm',
1 verbose cli   'install',
1 verbose cli   '--ignore-scripts',
1 verbose cli   '@types/abbrev@ts3.6',
1 verbose cli   '@types/accepts@ts3.6',
1 verbose cli   '@types/are-we-there-yet@ts3.6',
1 verbose cli   '@types/balanced-match@ts3.6',
1 verbose cli   '@types/body-parser@ts3.6',
1 verbose cli   '@types/brace-expansion@ts3.6',
1 verbose cli   '@types/bytes@ts3.6',
1 verbose cli   '@types/cacache@ts3.6',
1 verbose cli   '@types/call-bind@ts3.6',
1 verbose cli   '@types/chownr@ts3.6',
1 verbose cli   '@types/color-support@ts3.6',
1 verbose cli   '@types/concat-map@ts3.6',
1 verbose cli   '@types/content-disposition@ts3.6',
1 verbose cli   '@types/content-type@ts3.6',
1 verbose cli   '@types/cookie@ts3.6',
1 verbose cli   '@types/cookie-signature@ts3.6',
1 verbose cli   '@types/debug@ts3.6',
1 verbose cli   '@types/delegates@ts3.6',
1 verbose cli   '@types/depd@ts3.6',
1 verbose cli   '@types/destroy@ts3.6',
1 verbose cli   '@types/detect-libc@ts3.6',
1 verbose cli   '@types/ee-first@ts3.6',
1 verbose cli   '@types/encodeurl@ts3.6',
1 verbose cli   '@types/escape-html@ts3.6',
1 verbose cli   '@types/etag@ts3.6',
1 verbose cli   '@types/finalhandler@ts3.6',
1 verbose cli   '@types/forwarded@ts3.6',
1 verbose cli   '@types/fresh@ts3.6',
1 verbose cli   '@types/function-bind@ts3.6',
1 verbose cli   '@types/get-intrinsic@ts3.6',
1 verbose cli   '@types/glob@ts3.6',
1 verbose cli   '@types/graceful-fs@ts3.6',
1 verbose cli   '@types/has@ts3.6',
1 verbose cli   '@types/has-symbols@ts3.6',
1 verbose cli   '@types/http-cache-semantics@ts3.6',
1 verbose cli   '@types/http-errors@ts3.6',
1 verbose cli   '@types/humanize-ms@ts3.6',
1 verbose cli   '@types/imurmurhash@ts3.6',
1 verbose cli   '@types/inherits@ts3.6',
1 verbose cli   '@types/ip@ts3.6',
1 verbose cli   '@types/isexe@ts3.6',
1 verbose cli   '@types/make-fetch-happen@ts3.6',
1 verbose cli   '@types/media-typer@ts3.6',
1 verbose cli   '@types/merge-descriptors@ts3.6',
1 verbose cli   '@types/methods@ts3.6',
1 verbose cli   '@types/mime@ts3.6',
1 verbose cli   '@types/mime-db@ts3.6',
1 verbose cli   '@types/mime-types@ts3.6',
1 verbose cli   '@types/minimatch@ts3.6',
1 verbose cli   '@types/minipass@ts3.6',
1 verbose cli   '@types/minizlib@ts3.6',
1 verbose cli   '@types/mkdirp@ts3.6',
1 verbose cli   '@types/ms@ts3.6',
1 verbose cli   '@types/negotiator@ts3.6',
1 verbose cli   '@types/node-fetch@ts3.6',
1 verbose cli   '@types/object-assign@ts3.6',
1 verbose cli   '@types/object-inspect@ts3.6',
1 verbose cli   '@types/on-finished@ts3.6',
1 verbose cli   '@types/once@ts3.6',
1 verbose cli   '@types/parseurl@ts3.6',
1 verbose cli   '@types/path-is-absolute@ts3.6',
1 verbose cli   '@types/promise-inflight@ts3.6',
1 verbose cli   '@types/promise-retry@ts3.6',
1 verbose cli   '@types/proxy-addr@ts3.6',
1 verbose cli   '@types/qs@ts3.6',
1 verbose cli   '@types/range-parser@ts3.6',
1 verbose cli   '@types/readable-stream@ts3.6',
1 verbose cli   '@types/retry@ts3.6',
1 verbose cli   '@types/rimraf@ts3.6',
1 verbose cli   '@types/safer-buffer@ts3.6',
1 verbose cli   '@types/semver@ts3.6',
1 verbose cli   '@types/send@ts3.6',
1 verbose cli   '@types/serve-static@ts3.6',
1 verbose cli   '@types/signal-exit@ts3.6',
1 verbose cli   '@types/ssri@ts3.6',
1 verbose cli   '@types/statuses@ts3.6',
1 verbose cli   '@types/tar@ts3.6',
1 verbose cli   '@types/type-is@ts3.6',
1 verbose cli   '@types/util-deprecate@ts3.6',
1 verbose cli   '@types/utils-merge@ts3.6',
1 verbose cli   '@types/vary@ts3.6',
1 verbose cli   '@types/webidl-conversions@ts3.6',
1 verbose cli   '@types/whatwg-url@ts3.6',
1 verbose cli   '@types/which@ts3.6',
1 verbose cli   '@types/yallist@ts3.6',
1 verbose cli   '--save-dev',
1 verbose cli   '--user-agent=typesInstaller/3.6.3'
1 verbose cli ]
2 info using npm@6.14.6
3 info using node@v12.18.3
4 verbose npm-session c645e5c5641c0cf8
5 silly install loadCurrentTree
6 silly install readLocalPackageData
7 http fetch GET 304 https://registry.npmjs.org/@types%2fbalanced-match 2214ms (from cache)
8 http fetch GET 304 https://registry.npmjs.org/@types%2fcacache 2255ms (from cache)
9 http fetch GET 304 https://registry.npmjs.org/@types%2faccepts 2314ms (from cache)
10 http fetch GET 304 https://registry.npmjs.org/@types%2fbody-parser 2329ms (from cache)
11 silly pacote tag manifest for @types/cacache@ts3.6 fetched in 2562ms
12 silly pacote tag manifest for @types/body-parser@ts3.6 fetched in 2651ms
13 silly pacote tag manifest for @types/balanced-match@ts3.6 fetched in 2657ms
14 silly pacote tag manifest for @types/accepts@ts3.6 fetched in 2800ms
15 http fetch GET 304 https://registry.npmjs.org/@types%2fare-we-there-yet 3123ms (from cache)
16 http fetch GET 304 https://registry.npmjs.org/@types%2fcall-bind 3088ms (from cache)
17 silly registry:manifest no matching version for @types/call-bind@ts3.6 in the cache. Forcing revalidation.
18 http fetch GET 304 https://registry.npmjs.org/@types%2fcolor-support 640ms (from cache)
19 http fetch GET 304 https://registry.npmjs.org/@types%2fbrace-expansion 3336ms (from cache)
20 silly pacote tag manifest for @types/are-we-there-yet@ts3.6 fetched in 3383ms
21 http fetch GET 304 https://registry.npmjs.org/@types%2fabbrev 3479ms (from cache)
22 silly pacote tag manifest for @types/color-support@ts3.6 fetched in 870ms
23 http fetch GET 304 https://registry.npmjs.org/@types%2fbytes 3450ms (from cache)
24 http fetch GET 304 https://registry.npmjs.org/@types%2fchownr 3450ms (from cache)
25 silly pacote tag manifest for @types/abbrev@ts3.6 fetched in 3595ms
26 silly pacote tag manifest for @types/bytes@ts3.6 fetched in 3608ms
27 silly pacote tag manifest for @types/brace-expansion@ts3.6 fetched in 3647ms
28 silly pacote tag manifest for @types/chownr@ts3.6 fetched in 3924ms
29 http fetch GET 304 https://registry.npmjs.org/@types%2fcookie 1154ms (from cache)
30 silly pacote tag manifest for @types/cookie@ts3.6 fetched in 1309ms
31 http fetch GET 304 https://registry.npmjs.org/@types%2fdebug 1208ms (from cache)
32 silly pacote tag manifest for @types/debug@ts3.6 fetched in 1436ms
33 http fetch GET 304 https://registry.npmjs.org/@types%2fconcat-map 2643ms (from cache)
34 http fetch GET 304 https://registry.npmjs.org/@types%2fcontent-disposition 2668ms (from cache)
35 http fetch GET 200 https://registry.npmjs.org/@types%2fcall-bind 2321ms
36 silly fetchPackageMetaData error for @types/call-bind@ts3.6 No matching version found for @types/call-bind@ts3.6.
37 silly pacote tag manifest for @types/concat-map@ts3.6 fetched in 2806ms
38 http fetch GET 304 https://registry.npmjs.org/@types%2fcontent-type 2712ms (from cache)
39 silly pacote tag manifest for @types/content-disposition@ts3.6 fetched in 2851ms
40 silly pacote tag manifest for @types/content-type@ts3.6 fetched in 3244ms
41 http fetch GET 304 https://registry.npmjs.org/@types%2fcookie-signature 2780ms (from cache)
42 silly pacote tag manifest for @types/cookie-signature@ts3.6 fetched in 2865ms
43 http fetch GET 304 https://registry.npmjs.org/@types%2fdepd 2805ms (from cache)
44 http fetch GET 304 https://registry.npmjs.org/@types%2fdestroy 2527ms (from cache)
45 http fetch GET 200 https://registry.npmjs.org/@types%2fdelegates 2859ms
46 silly fetchPackageMetaData error for @types/delegates@ts3.6 No matching version found for @types/delegates@ts3.6.
47 silly pacote tag manifest for @types/destroy@ts3.6 fetched in 2585ms
48 silly pacote tag manifest for @types/depd@ts3.6 fetched in 2880ms
49 http fetch GET 304 https://registry.npmjs.org/@types%2fee-first 2051ms (from cache)
50 silly pacote tag manifest for @types/ee-first@ts3.6 fetched in 2074ms
51 http fetch GET 304 https://registry.npmjs.org/@types%2fdetect-libc 2429ms (from cache)
52 silly pacote tag manifest for @types/detect-libc@ts3.6 fetched in 2575ms
53 http fetch GET 304 https://registry.npmjs.org/@types%2fglob 276ms (from cache)
54 silly pacote tag manifest for @types/glob@ts3.6 fetched in 434ms
55 http fetch GET 304 https://registry.npmjs.org/@types%2fescape-html 2246ms (from cache)
56 http fetch GET 304 https://registry.npmjs.org/@types%2fgraceful-fs 545ms (from cache)
57 silly pacote tag manifest for @types/escape-html@ts3.6 fetched in 2331ms
58 http fetch GET 304 https://registry.npmjs.org/@types%2fetag 2319ms (from cache)
59 silly pacote tag manifest for @types/etag@ts3.6 fetched in 2359ms
60 http fetch GET 304 https://registry.npmjs.org/@types%2fencodeurl 2476ms (from cache)
61 http fetch GET 304 https://registry.npmjs.org/@types%2ffunction-bind 1410ms (from cache)
62 silly pacote tag manifest for @types/graceful-fs@ts3.6 fetched in 700ms
63 silly pacote tag manifest for @types/encodeurl@ts3.6 fetched in 2564ms
64 silly pacote tag manifest for @types/function-bind@ts3.6 fetched in 1501ms
65 http fetch GET 304 https://registry.npmjs.org/@types%2ffinalhandler 2191ms (from cache)
66 http fetch GET 304 https://registry.npmjs.org/@types%2fhttp-cache-semantics 441ms (from cache)
67 silly pacote tag manifest for @types/http-cache-semantics@ts3.6 fetched in 508ms
68 silly pacote tag manifest for @types/finalhandler@ts3.6 fetched in 2353ms
69 http fetch GET 304 https://registry.npmjs.org/@types%2fhttp-errors 453ms (from cache)
70 silly pacote tag manifest for @types/http-errors@ts3.6 fetched in 537ms
71 http fetch GET 304 https://registry.npmjs.org/@types%2fget-intrinsic 1971ms (from cache)
72 silly registry:manifest no matching version for @types/get-intrinsic@ts3.6 in the cache. Forcing revalidation.
73 http fetch GET 304 https://registry.npmjs.org/@types%2fforwarded 2319ms (from cache)
74 http fetch GET 304 https://registry.npmjs.org/@types%2ffresh 2190ms (from cache)
75 silly pacote tag manifest for @types/fresh@ts3.6 fetched in 2277ms
76 silly pacote tag manifest for @types/forwarded@ts3.6 fetched in 2482ms
77 http fetch GET 304 https://registry.npmjs.org/@types%2fisexe 487ms (from cache)
78 silly pacote tag manifest for @types/isexe@ts3.6 fetched in 542ms
79 http fetch GET 304 https://registry.npmjs.org/@types%2fhas-symbols 1244ms (from cache)
80 silly pacote tag manifest for @types/has-symbols@ts3.6 fetched in 1380ms
81 http fetch GET 304 https://registry.npmjs.org/@types%2fmethods 319ms (from cache)
82 http fetch GET 304 https://registry.npmjs.org/@types%2fhas 2009ms (from cache)
83 silly pacote tag manifest for @types/methods@ts3.6 fetched in 350ms
84 silly pacote tag manifest for @types/has@ts3.6 fetched in 2045ms
85 http fetch GET 200 https://registry.npmjs.org/@types%2fget-intrinsic 1304ms
86 silly fetchPackageMetaData error for @types/get-intrinsic@ts3.6 No matching version found for @types/get-intrinsic@ts3.6.
87 http fetch GET 304 https://registry.npmjs.org/@types%2fmime 337ms (from cache)
88 silly pacote tag manifest for @types/mime@ts3.6 fetched in 360ms
89 http fetch GET 304 https://registry.npmjs.org/@types%2fhumanize-ms 2362ms (from cache)
90 http fetch GET 304 https://registry.npmjs.org/@types%2fmedia-typer 1618ms (from cache)
91 http fetch GET 304 https://registry.npmjs.org/@types%2fip 2074ms (from cache)
92 http fetch GET 304 https://registry.npmjs.org/@types%2fimurmurhash 2436ms (from cache)
93 silly pacote tag manifest for @types/humanize-ms@ts3.6 fetched in 2507ms
94 silly pacote tag manifest for @types/media-typer@ts3.6 fetched in 1733ms
95 silly pacote tag manifest for @types/imurmurhash@ts3.6 fetched in 2620ms
96 silly pacote tag manifest for @types/ip@ts3.6 fetched in 2304ms
97 http fetch GET 304 https://registry.npmjs.org/@types%2finherits 2328ms (from cache)
98 http fetch GET 304 https://registry.npmjs.org/@types%2fmake-fetch-happen 1969ms (from cache)
99 http fetch GET 304 https://registry.npmjs.org/@types%2fminimatch 875ms (from cache)
100 silly pacote tag manifest for @types/inherits@ts3.6 fetched in 2430ms
101 silly pacote tag manifest for @types/make-fetch-happen@ts3.6 fetched in 2034ms
102 http fetch GET 304 https://registry.npmjs.org/@types%2fminipass 386ms (from cache)
103 http fetch GET 304 https://registry.npmjs.org/@types%2fminizlib 356ms (from cache)
104 silly pacote tag manifest for @types/minimatch@ts3.6 fetched in 1113ms
105 silly pacote tag manifest for @types/minipass@ts3.6 fetched in 571ms
106 silly pacote tag manifest for @types/minizlib@ts3.6 fetched in 606ms
107 http fetch GET 304 https://registry.npmjs.org/@types%2fms 605ms (from cache)
108 http fetch GET 304 https://registry.npmjs.org/@types%2fmkdirp 628ms (from cache)
109 http fetch GET 304 https://registry.npmjs.org/@types%2fmerge-descriptors 2300ms (from cache)
110 silly pacote tag manifest for @types/ms@ts3.6 fetched in 678ms
111 silly pacote tag manifest for @types/mkdirp@ts3.6 fetched in 729ms
112 silly pacote tag manifest for @types/merge-descriptors@ts3.6 fetched in 2392ms
113 http fetch GET 304 https://registry.npmjs.org/@types%2fnode-fetch 689ms (from cache)
114 http fetch GET 304 https://registry.npmjs.org/@types%2fobject-assign 536ms (from cache)
115 silly pacote tag manifest for @types/node-fetch@ts3.6 fetched in 736ms
116 silly pacote tag manifest for @types/object-assign@ts3.6 fetched in 571ms
117 http fetch GET 304 https://registry.npmjs.org/@types%2fmime-db 2304ms (from cache)
118 http fetch GET 304 https://registry.npmjs.org/@types%2fonce 503ms (from cache)
119 http fetch GET 304 https://registry.npmjs.org/@types%2fpath-is-absolute 458ms (from cache)
120 http fetch GET 304 https://registry.npmjs.org/@types%2fpromise-retry 328ms (from cache)
121 silly pacote tag manifest for @types/mime-db@ts3.6 fetched in 2378ms
122 silly pacote tag manifest for @types/path-is-absolute@ts3.6 fetched in 523ms
123 silly pacote tag manifest for @types/promise-retry@ts3.6 fetched in 412ms
124 silly pacote tag manifest for @types/once@ts3.6 fetched in 693ms
125 http fetch GET 304 https://registry.npmjs.org/@types%2fmime-types 2386ms (from cache)
126 silly pacote tag manifest for @types/mime-types@ts3.6 fetched in 2667ms
127 http fetch GET 304 https://registry.npmjs.org/@types%2fqs 596ms (from cache)
128 http fetch GET 304 https://registry.npmjs.org/@types%2frange-parser 558ms (from cache)
129 silly pacote tag manifest for @types/qs@ts3.6 fetched in 694ms
130 http fetch GET 304 https://registry.npmjs.org/@types%2freadable-stream 633ms (from cache)
131 silly pacote tag manifest for @types/range-parser@ts3.6 fetched in 726ms
132 silly pacote tag manifest for @types/readable-stream@ts3.6 fetched in 748ms
133 http fetch GET 304 https://registry.npmjs.org/@types%2fnegotiator 2136ms (from cache)
134 silly pacote tag manifest for @types/negotiator@ts3.6 fetched in 2189ms
135 http fetch GET 304 https://registry.npmjs.org/@types%2fobject-inspect 2184ms (from cache)
136 http fetch GET 304 https://registry.npmjs.org/@types%2fon-finished 2131ms (from cache)
137 http fetch GET 304 https://registry.npmjs.org/@types%2fparseurl 1922ms (from cache)
138 silly pacote tag manifest for @types/object-inspect@ts3.6 fetched in 2260ms
139 silly pacote tag manifest for @types/on-finished@ts3.6 fetched in 2203ms
140 silly pacote tag manifest for @types/parseurl@ts3.6 fetched in 1968ms
141 http fetch GET 304 https://registry.npmjs.org/@types%2frimraf 968ms (from cache)
142 silly pacote tag manifest for @types/rimraf@ts3.6 fetched in 1055ms
143 http fetch GET 304 https://registry.npmjs.org/@types%2fretry 1431ms (from cache)
144 http fetch GET 304 https://registry.npmjs.org/@types%2fpromise-inflight 2385ms (from cache)
145 http fetch GET 304 https://registry.npmjs.org/@types%2fserve-static 664ms (from cache)
146 http fetch GET 304 https://registry.npmjs.org/@types%2fsemver 1249ms (from cache)
147 silly pacote tag manifest for @types/promise-inflight@ts3.6 fetched in 2566ms
148 http fetch GET 304 https://registry.npmjs.org/@types%2fsignal-exit 765ms (from cache)
149 silly pacote tag manifest for @types/serve-static@ts3.6 fetched in 768ms
150 silly pacote tag manifest for @types/semver@ts3.6 fetched in 1379ms
151 silly pacote tag manifest for @types/retry@ts3.6 fetched in 1741ms
152 silly pacote tag manifest for @types/signal-exit@ts3.6 fetched in 914ms
153 http fetch GET 304 https://registry.npmjs.org/@types%2fsafer-buffer 1589ms (from cache)
154 http fetch GET 304 https://registry.npmjs.org/@types%2fproxy-addr 2436ms (from cache)
155 http fetch GET 304 https://registry.npmjs.org/@types%2fssri 1023ms (from cache)
156 silly pacote tag manifest for @types/safer-buffer@ts3.6 fetched in 1692ms
157 silly pacote tag manifest for @types/ssri@ts3.6 fetched in 1199ms
158 silly pacote tag manifest for @types/proxy-addr@ts3.6 fetched in 2724ms
159 http fetch GET 304 https://registry.npmjs.org/@types%2ftype-is 530ms (from cache)
160 silly pacote tag manifest for @types/type-is@ts3.6 fetched in 573ms
161 http fetch GET 304 https://registry.npmjs.org/@types%2fwebidl-conversions 358ms (from cache)
162 http fetch GET 304 https://registry.npmjs.org/@types%2futil-deprecate 601ms (from cache)
163 http fetch GET 304 https://registry.npmjs.org/@types%2fwhatwg-url 265ms (from cache)
164 http fetch GET 304 https://registry.npmjs.org/@types%2ftar 729ms (from cache)
165 silly pacote tag manifest for @types/webidl-conversions@ts3.6 fetched in 461ms
166 silly pacote tag manifest for @types/util-deprecate@ts3.6 fetched in 687ms
167 silly pacote tag manifest for @types/whatwg-url@ts3.6 fetched in 334ms
168 silly pacote tag manifest for @types/tar@ts3.6 fetched in 769ms
169 http fetch GET 304 https://registry.npmjs.org/@types%2fsend 2169ms (from cache)
170 silly pacote tag manifest for @types/send@ts3.6 fetched in 2178ms
171 http fetch GET 304 https://registry.npmjs.org/@types%2fstatuses 1999ms (from cache)
172 http fetch GET 304 https://registry.npmjs.org/@types%2futils-merge 1490ms (from cache)
173 silly pacote tag manifest for @types/utils-merge@ts3.6 fetched in 1501ms
174 silly pacote tag manifest for @types/statuses@ts3.6 fetched in 2023ms
175 http fetch GET 304 https://registry.npmjs.org/@types%2fwhich 1180ms (from cache)
176 silly pacote tag manifest for @types/which@ts3.6 fetched in 1226ms
177 http fetch GET 304 https://registry.npmjs.org/@types%2fyallist 1218ms (from cache)
178 silly pacote tag manifest for @types/yallist@ts3.6 fetched in 1285ms
179 http fetch GET 304 https://registry.npmjs.org/@types%2fvary 2148ms (from cache)
180 silly pacote tag manifest for @types/vary@ts3.6 fetched in 2187ms
181 timing stage:rollbackFailedOptional Completed in 6ms
182 timing stage:runTopLevelLifecycles Completed in 16965ms
183 verbose type tag
184 verbose stack @types/call-bind: No matching version found for @types/call-bind@ts3.6.
184 verbose stack     at pickManifest (/usr/local/lib/node_modules/npm/node_modules/npm-pick-manifest/index.js:122:13)
184 verbose stack     at /usr/local/lib/node_modules/npm/node_modules/pacote/lib/fetchers/registry/manifest.js:43:18
184 verbose stack     at tryCatcher (/usr/local/lib/node_modules/npm/node_modules/bluebird/js/release/util.js:16:23)
184 verbose stack     at Promise._settlePromiseFromHandler (/usr/local/lib/node_modules/npm/node_modules/bluebird/js/release/promise.js:517:31)
184 verbose stack     at Promise._settlePromise (/usr/local/lib/node_modules/npm/node_modules/bluebird/js/release/promise.js:574:18)
184 verbose stack     at Promise._settlePromise0 (/usr/local/lib/node_modules/npm/node_modules/bluebird/js/release/promise.js:619:10)
184 verbose stack     at Promise._settlePromises (/usr/local/lib/node_modules/npm/node_modules/bluebird/js/release/promise.js:699:18)
184 verbose stack     at _drainQueueStep (/usr/local/lib/node_modules/npm/node_modules/bluebird/js/release/async.js:138:12)
184 verbose stack     at _drainQueue (/usr/local/lib/node_modules/npm/node_modules/bluebird/js/release/async.js:131:9)
184 verbose stack     at Async._drainQueues (/usr/local/lib/node_modules/npm/node_modules/bluebird/js/release/async.js:147:5)
184 verbose stack     at Immediate.Async.drainQueues [as _onImmediate] (/usr/local/lib/node_modules/npm/node_modules/bluebird/js/release/async.js:17:14)
184 verbose stack     at processImmediate (internal/timers.js:456:21)
185 verbose cwd /home/theia/.cache/typescript/3.6
186 verbose Linux 5.15.0-39-generic
187 verbose argv "/usr/local/bin/node" "/usr/local/bin/npm" "install" "--ignore-scripts" "@types/abbrev@ts3.6" "@types/accepts@ts3.6" "@types/are-we-there-yet@ts3.6" "@types/balanced-match@ts3.6" "@types/body-parser@ts3.6" "@types/brace-expansion@ts3.6" "@types/bytes@ts3.6" "@types/cacache@ts3.6" "@types/call-bind@ts3.6" "@types/chownr@ts3.6" "@types/color-support@ts3.6" "@types/concat-map@ts3.6" "@types/content-disposition@ts3.6" "@types/content-type@ts3.6" "@types/cookie@ts3.6" "@types/cookie-signature@ts3.6" "@types/debug@ts3.6" "@types/delegates@ts3.6" "@types/depd@ts3.6" "@types/destroy@ts3.6" "@types/detect-libc@ts3.6" "@types/ee-first@ts3.6" "@types/encodeurl@ts3.6" "@types/escape-html@ts3.6" "@types/etag@ts3.6" "@types/finalhandler@ts3.6" "@types/forwarded@ts3.6" "@types/fresh@ts3.6" "@types/function-bind@ts3.6" "@types/get-intrinsic@ts3.6" "@types/glob@ts3.6" "@types/graceful-fs@ts3.6" "@types/has@ts3.6" "@types/has-symbols@ts3.6" "@types/http-cache-semantics@ts3.6" "@types/http-errors@ts3.6" "@types/humanize-ms@ts3.6" "@types/imurmurhash@ts3.6" "@types/inherits@ts3.6" "@types/ip@ts3.6" "@types/isexe@ts3.6" "@types/make-fetch-happen@ts3.6" "@types/media-typer@ts3.6" "@types/merge-descriptors@ts3.6" "@types/methods@ts3.6" "@types/mime@ts3.6" "@types/mime-db@ts3.6" "@types/mime-types@ts3.6" "@types/minimatch@ts3.6" "@types/minipass@ts3.6" "@types/minizlib@ts3.6" "@types/mkdirp@ts3.6" "@types/ms@ts3.6" "@types/negotiator@ts3.6" "@types/node-fetch@ts3.6" "@types/object-assign@ts3.6" "@types/object-inspect@ts3.6" "@types/on-finished@ts3.6" "@types/once@ts3.6" "@types/parseurl@ts3.6" "@types/path-is-absolute@ts3.6" "@types/promise-inflight@ts3.6" "@types/promise-retry@ts3.6" "@types/proxy-addr@ts3.6" "@types/qs@ts3.6" "@types/range-parser@ts3.6" "@types/readable-stream@ts3.6" "@types/retry@ts3.6" "@types/rimraf@ts3.6" "@types/safer-buffer@ts3.6" "@types/semver@ts3.6" "@types/send@ts3.6" "@types/serve-static@ts3.6" "@types/signal-exit@ts3.6" "@types/ssri@ts3.6" "@types/statuses@ts3.6" "@types/tar@ts3.6" "@types/type-is@ts3.6" "@types/util-deprecate@ts3.6" "@types/utils-merge@ts3.6" "@types/vary@ts3.6" "@types/webidl-conversions@ts3.6" "@types/whatwg-url@ts3.6" "@types/which@ts3.6" "@types/yallist@ts3.6" "--save-dev" "--user-agent=typesInstaller/3.6.3"
188 verbose node v12.18.3
189 verbose npm  v6.14.6
190 error code ETARGET
191 error notarget No matching version found for @types/call-bind@ts3.6.
192 error notarget In most cases you or one of your dependencies are requesting
192 error notarget a package version that doesn't exist.
193 verbose exit [ 1, true ]
