0 info it worked if it ends with ok
1 verbose cli [
1 verbose cli   '/usr/local/bin/node',
1 verbose cli   '/usr/local/bin/npm',
1 verbose cli   'install',
1 verbose cli   '--ignore-scripts',
1 verbose cli   '@types/sqlite3@ts3.6',
1 verbose cli   '@types/abbrev@ts3.6',
1 verbose cli   '@types/accepts@ts3.6',
1 verbose cli   '@types/are-we-there-yet@ts3.6',
1 verbose cli   '@types/balanced-match@ts3.6',
1 verbose cli   '@types/body-parser@ts3.6',
1 verbose cli   '@types/brace-expansion@ts3.6',
1 verbose cli   '@types/bytes@ts3.6',
1 verbose cli   '@types/cacache@ts3.6',
1 verbose cli   '@types/call-bind@ts3.6',
1 verbose cli   '@types/chownr@ts3.6',
1 verbose cli   '@types/color-support@ts3.6',
1 verbose cli   '@types/concat-map@ts3.6',
1 verbose cli   '@types/content-disposition@ts3.6',
1 verbose cli   '@types/content-type@ts3.6',
1 verbose cli   '@types/cookie@ts3.6',
1 verbose cli   '@types/cookie-signature@ts3.6',
1 verbose cli   '@types/debug@ts3.6',
1 verbose cli   '@types/delegates@ts3.6',
1 verbose cli   '@types/depd@ts3.6',
1 verbose cli   '@types/destroy@ts3.6',
1 verbose cli   '@types/detect-libc@ts3.6',
1 verbose cli   '@types/ee-first@ts3.6',
1 verbose cli   '@types/encodeurl@ts3.6',
1 verbose cli   '@types/escape-html@ts3.6',
1 verbose cli   '@types/etag@ts3.6',
1 verbose cli   '@types/finalhandler@ts3.6',
1 verbose cli   '@types/forwarded@ts3.6',
1 verbose cli   '@types/fresh@ts3.6',
1 verbose cli   '@types/function-bind@ts3.6',
1 verbose cli   '@types/get-intrinsic@ts3.6',
1 verbose cli   '@types/glob@ts3.6',
1 verbose cli   '@types/graceful-fs@ts3.6',
1 verbose cli   '@types/has@ts3.6',
1 verbose cli   '@types/has-symbols@ts3.6',
1 verbose cli   '@types/http-cache-semantics@ts3.6',
1 verbose cli   '@types/http-errors@ts3.6',
1 verbose cli   '@types/humanize-ms@ts3.6',
1 verbose cli   '@types/imurmurhash@ts3.6',
1 verbose cli   '@types/inherits@ts3.6',
1 verbose cli   '@types/ip@ts3.6',
1 verbose cli   '@types/isexe@ts3.6',
1 verbose cli   '@types/make-fetch-happen@ts3.6',
1 verbose cli   '@types/media-typer@ts3.6',
1 verbose cli   '@types/merge-descriptors@ts3.6',
1 verbose cli   '@types/methods@ts3.6',
1 verbose cli   '@types/mime@ts3.6',
1 verbose cli   '@types/mime-db@ts3.6',
1 verbose cli   '@types/mime-types@ts3.6',
1 verbose cli   '@types/minimatch@ts3.6',
1 verbose cli   '@types/minipass@ts3.6',
1 verbose cli   '@types/minizlib@ts3.6',
1 verbose cli   '@types/mkdirp@ts3.6',
1 verbose cli   '@types/ms@ts3.6',
1 verbose cli   '@types/negotiator@ts3.6',
1 verbose cli   '@types/node-fetch@ts3.6',
1 verbose cli   '@types/object-assign@ts3.6',
1 verbose cli   '@types/object-inspect@ts3.6',
1 verbose cli   '@types/on-finished@ts3.6',
1 verbose cli   '@types/once@ts3.6',
1 verbose cli   '@types/parseurl@ts3.6',
1 verbose cli   '@types/path-is-absolute@ts3.6',
1 verbose cli   '@types/promise-inflight@ts3.6',
1 verbose cli   '@types/promise-retry@ts3.6',
1 verbose cli   '@types/proxy-addr@ts3.6',
1 verbose cli   '@types/qs@ts3.6',
1 verbose cli   '@types/range-parser@ts3.6',
1 verbose cli   '@types/readable-stream@ts3.6',
1 verbose cli   '@types/retry@ts3.6',
1 verbose cli   '@types/rimraf@ts3.6',
1 verbose cli   '@types/safer-buffer@ts3.6',
1 verbose cli   '@types/semver@ts3.6',
1 verbose cli   '@types/send@ts3.6',
1 verbose cli   '@types/serve-static@ts3.6',
1 verbose cli   '@types/signal-exit@ts3.6',
1 verbose cli   '@types/ssri@ts3.6',
1 verbose cli   '@types/statuses@ts3.6',
1 verbose cli   '@types/tar@ts3.6',
1 verbose cli   '@types/type-is@ts3.6',
1 verbose cli   '@types/util-deprecate@ts3.6',
1 verbose cli   '@types/utils-merge@ts3.6',
1 verbose cli   '@types/vary@ts3.6',
1 verbose cli   '@types/webidl-conversions@ts3.6',
1 verbose cli   '@types/whatwg-url@ts3.6',
1 verbose cli   '@types/which@ts3.6',
1 verbose cli   '@types/yallist@ts3.6',
1 verbose cli   '--save-dev',
1 verbose cli   '--user-agent=typesInstaller/3.6.3'
1 verbose cli ]
2 info using npm@6.14.6
3 info using node@v12.18.3
4 verbose npm-session 126d1585614d35c9
5 silly install loadCurrentTree
6 silly install readLocalPackageData
7 http fetch GET 200 https://registry.npmjs.org/@types%2fcall-bind 1242ms
8 silly fetchPackageMetaData error for @types/call-bind@ts3.6 No matching version found for @types/call-bind@ts3.6.
9 http fetch GET 304 https://registry.npmjs.org/@types%2fbalanced-match 1289ms (from cache)
10 http fetch GET 304 https://registry.npmjs.org/@types%2fbrace-expansion 1308ms (from cache)
11 http fetch GET 304 https://registry.npmjs.org/@types%2fcacache 1302ms (from cache)
12 silly pacote tag manifest for @types/balanced-match@ts3.6 fetched in 1369ms
13 http fetch GET 304 https://registry.npmjs.org/@types%2faccepts 1378ms (from cache)
14 http fetch GET 304 https://registry.npmjs.org/@types%2fbody-parser 1370ms (from cache)
15 http fetch GET 304 https://registry.npmjs.org/@types%2fbytes 1360ms (from cache)
16 silly pacote tag manifest for @types/cacache@ts3.6 fetched in 1571ms
17 silly pacote tag manifest for @types/bytes@ts3.6 fetched in 1576ms
18 http fetch GET 304 https://registry.npmjs.org/@types%2fsqlite3 1612ms (from cache)
19 silly pacote tag manifest for @types/brace-expansion@ts3.6 fetched in 1628ms
20 silly pacote tag manifest for @types/accepts@ts3.6 fetched in 1691ms
21 silly pacote tag manifest for @types/body-parser@ts3.6 fetched in 1730ms
22 silly pacote tag manifest for @types/sqlite3@ts3.6 fetched in 1869ms
23 http fetch GET 304 https://registry.npmjs.org/@types%2fabbrev 2110ms (from cache)
24 http fetch GET 304 https://registry.npmjs.org/@types%2fchownr 867ms (from cache)
25 http fetch GET 304 https://registry.npmjs.org/@types%2fcontent-disposition 550ms (from cache)
26 silly pacote tag manifest for @types/abbrev@ts3.6 fetched in 2180ms
27 silly pacote tag manifest for @types/chownr@ts3.6 fetched in 998ms
28 silly pacote tag manifest for @types/content-disposition@ts3.6 fetched in 679ms
29 http fetch GET 304 https://registry.npmjs.org/@types%2fconcat-map 695ms (from cache)
30 http fetch GET 304 https://registry.npmjs.org/@types%2fcookie-signature 602ms (from cache)
31 silly pacote tag manifest for @types/concat-map@ts3.6 fetched in 750ms
32 http fetch GET 304 https://registry.npmjs.org/@types%2fdebug 518ms (from cache)
33 http fetch GET 304 https://registry.npmjs.org/@types%2fcontent-type 750ms (from cache)
34 silly pacote tag manifest for @types/cookie-signature@ts3.6 fetched in 730ms
35 silly pacote tag manifest for @types/debug@ts3.6 fetched in 684ms
36 http fetch GET 304 https://registry.npmjs.org/@types%2fcookie 925ms (from cache)
37 http fetch GET 304 https://registry.npmjs.org/@types%2fdestroy 366ms (from cache)
38 http fetch GET 304 https://registry.npmjs.org/@types%2fdepd 399ms (from cache)
39 silly pacote tag manifest for @types/content-type@ts3.6 fetched in 1031ms
40 silly pacote tag manifest for @types/destroy@ts3.6 fetched in 494ms
41 silly pacote tag manifest for @types/cookie@ts3.6 fetched in 1099ms
42 silly pacote tag manifest for @types/depd@ts3.6 fetched in 575ms
43 http fetch GET 304 https://registry.npmjs.org/@types%2fee-first 421ms (from cache)
44 http fetch GET 304 https://registry.npmjs.org/@types%2fencodeurl 366ms (from cache)
45 silly pacote tag manifest for @types/ee-first@ts3.6 fetched in 487ms
46 http fetch GET 304 https://registry.npmjs.org/@types%2fescape-html 484ms (from cache)
47 http fetch GET 304 https://registry.npmjs.org/@types%2fare-we-there-yet 3158ms (from cache)
48 http fetch GET 304 https://registry.npmjs.org/@types%2fetag 387ms (from cache)
49 silly pacote tag manifest for @types/encodeurl@ts3.6 fetched in 669ms
50 http fetch GET 304 https://registry.npmjs.org/@types%2ffinalhandler 515ms (from cache)
51 silly pacote tag manifest for @types/etag@ts3.6 fetched in 541ms
52 silly pacote tag manifest for @types/are-we-there-yet@ts3.6 fetched in 3359ms
53 silly pacote tag manifest for @types/escape-html@ts3.6 fetched in 845ms
54 silly pacote tag manifest for @types/finalhandler@ts3.6 fetched in 815ms
55 http fetch GET 304 https://registry.npmjs.org/@types%2fforwarded 957ms (from cache)
56 http fetch GET 304 https://registry.npmjs.org/@types%2fcolor-support 2457ms (from cache)
57 http fetch GET 200 https://registry.npmjs.org/@types%2fget-intrinsic 557ms
58 silly fetchPackageMetaData error for @types/get-intrinsic@ts3.6 No matching version found for @types/get-intrinsic@ts3.6.
59 http fetch GET 304 https://registry.npmjs.org/@types%2ffresh 918ms (from cache)
60 silly pacote tag manifest for @types/forwarded@ts3.6 fetched in 1069ms
61 silly pacote tag manifest for @types/fresh@ts3.6 fetched in 996ms
62 http fetch GET 304 https://registry.npmjs.org/@types%2ffunction-bind 1056ms (from cache)
63 silly pacote tag manifest for @types/color-support@ts3.6 fetched in 2887ms
64 http fetch GET 304 https://registry.npmjs.org/@types%2fhas 686ms (from cache)
65 http fetch GET 304 https://registry.npmjs.org/@types%2fglob 980ms (from cache)
66 silly pacote tag manifest for @types/function-bind@ts3.6 fetched in 1136ms
67 silly pacote tag manifest for @types/has@ts3.6 fetched in 869ms
68 http fetch GET 304 https://registry.npmjs.org/@types%2fgraceful-fs 1001ms (from cache)
69 silly pacote tag manifest for @types/glob@ts3.6 fetched in 1269ms
70 silly pacote tag manifest for @types/graceful-fs@ts3.6 fetched in 1163ms
71 http fetch GET 304 https://registry.npmjs.org/@types%2fhas-symbols 846ms (from cache)
72 http fetch GET 304 https://registry.npmjs.org/@types%2fdelegates 2552ms (from cache)
73 silly registry:manifest no matching version for @types/delegates@ts3.6 in the cache. Forcing revalidation.
74 http fetch GET 304 https://registry.npmjs.org/@types%2fhttp-cache-semantics 816ms (from cache)
75 http fetch GET 304 https://registry.npmjs.org/@types%2fhttp-errors 790ms (from cache)
76 http fetch GET 304 https://registry.npmjs.org/@types%2fimurmurhash 405ms (from cache)
77 http fetch GET 304 https://registry.npmjs.org/@types%2fdetect-libc 2404ms (from cache)
78 silly pacote tag manifest for @types/http-cache-semantics@ts3.6 fetched in 867ms
79 silly pacote tag manifest for @types/has-symbols@ts3.6 fetched in 940ms
80 silly pacote tag manifest for @types/http-errors@ts3.6 fetched in 865ms
81 silly pacote tag manifest for @types/detect-libc@ts3.6 fetched in 2525ms
82 http fetch GET 304 https://registry.npmjs.org/@types%2fip 437ms (from cache)
83 http fetch GET 304 https://registry.npmjs.org/@types%2finherits 593ms (from cache)
84 silly pacote tag manifest for @types/imurmurhash@ts3.6 fetched in 784ms
85 http fetch GET 304 https://registry.npmjs.org/@types%2fisexe 460ms (from cache)
86 silly pacote tag manifest for @types/inherits@ts3.6 fetched in 678ms
87 silly pacote tag manifest for @types/ip@ts3.6 fetched in 558ms
88 http fetch GET 200 https://registry.npmjs.org/@types%2fdelegates 473ms
89 silly fetchPackageMetaData error for @types/delegates@ts3.6 No matching version found for @types/delegates@ts3.6.
90 silly pacote tag manifest for @types/isexe@ts3.6 fetched in 620ms
91 http fetch GET 304 https://registry.npmjs.org/@types%2fmethods 448ms (from cache)
92 http fetch GET 304 https://registry.npmjs.org/@types%2fmedia-typer 519ms (from cache)
93 silly pacote tag manifest for @types/methods@ts3.6 fetched in 532ms
94 http fetch GET 304 https://registry.npmjs.org/@types%2fmime 312ms (from cache)
95 silly pacote tag manifest for @types/media-typer@ts3.6 fetched in 649ms
96 http fetch GET 304 https://registry.npmjs.org/@types%2fmerge-descriptors 645ms (from cache)
97 silly pacote tag manifest for @types/mime@ts3.6 fetched in 369ms
98 http fetch GET 304 https://registry.npmjs.org/@types%2fmime-types 326ms (from cache)
99 silly pacote tag manifest for @types/merge-descriptors@ts3.6 fetched in 738ms
100 silly pacote tag manifest for @types/mime-types@ts3.6 fetched in 395ms
101 http fetch GET 304 https://registry.npmjs.org/@types%2fmime-db 486ms (from cache)
102 http fetch GET 304 https://registry.npmjs.org/@types%2fminipass 352ms (from cache)
103 silly pacote tag manifest for @types/mime-db@ts3.6 fetched in 524ms
104 http fetch GET 304 https://registry.npmjs.org/@types%2fminizlib 293ms (from cache)
105 silly pacote tag manifest for @types/minipass@ts3.6 fetched in 413ms
106 http fetch GET 304 https://registry.npmjs.org/@types%2fmkdirp 276ms (from cache)
107 silly pacote tag manifest for @types/minizlib@ts3.6 fetched in 354ms
108 http fetch GET 304 https://registry.npmjs.org/@types%2fminimatch 552ms (from cache)
109 http fetch GET 304 https://registry.npmjs.org/@types%2fms 274ms (from cache)
110 silly pacote tag manifest for @types/ms@ts3.6 fetched in 281ms
111 silly pacote tag manifest for @types/mkdirp@ts3.6 fetched in 329ms
112 silly pacote tag manifest for @types/minimatch@ts3.6 fetched in 712ms
113 http fetch GET 304 https://registry.npmjs.org/@types%2fnegotiator 393ms (from cache)
114 http fetch GET 304 https://registry.npmjs.org/@types%2fobject-assign 268ms (from cache)
115 http fetch GET 304 https://registry.npmjs.org/@types%2fnode-fetch 374ms (from cache)
116 http fetch GET 304 https://registry.npmjs.org/@types%2fobject-inspect 244ms (from cache)
117 silly pacote tag manifest for @types/object-assign@ts3.6 fetched in 295ms
118 silly pacote tag manifest for @types/node-fetch@ts3.6 fetched in 399ms
119 silly pacote tag manifest for @types/negotiator@ts3.6 fetched in 423ms
120 silly pacote tag manifest for @types/object-inspect@ts3.6 fetched in 300ms
121 http fetch GET 304 https://registry.npmjs.org/@types%2fparseurl 232ms (from cache)
122 http fetch GET 304 https://registry.npmjs.org/@types%2fon-finished 298ms (from cache)
123 http fetch GET 304 https://registry.npmjs.org/@types%2fonce 286ms (from cache)
124 http fetch GET 304 https://registry.npmjs.org/@types%2fpath-is-absolute 166ms (from cache)
125 silly pacote tag manifest for @types/parseurl@ts3.6 fetched in 287ms
126 silly pacote tag manifest for @types/on-finished@ts3.6 fetched in 336ms
127 silly pacote tag manifest for @types/once@ts3.6 fetched in 336ms
128 silly pacote tag manifest for @types/path-is-absolute@ts3.6 fetched in 228ms
129 http fetch GET 304 https://registry.npmjs.org/@types%2fproxy-addr 257ms (from cache)
130 http fetch GET 304 https://registry.npmjs.org/@types%2fpromise-inflight 369ms (from cache)
131 http fetch GET 304 https://registry.npmjs.org/@types%2fqs 352ms (from cache)
132 http fetch GET 304 https://registry.npmjs.org/@types%2frange-parser 288ms (from cache)
133 silly pacote tag manifest for @types/proxy-addr@ts3.6 fetched in 391ms
134 silly pacote tag manifest for @types/qs@ts3.6 fetched in 363ms
135 silly pacote tag manifest for @types/promise-inflight@ts3.6 fetched in 402ms
136 silly pacote tag manifest for @types/range-parser@ts3.6 fetched in 336ms
137 http fetch GET 304 https://registry.npmjs.org/@types%2frimraf 362ms (from cache)
138 silly pacote tag manifest for @types/rimraf@ts3.6 fetched in 374ms
139 http fetch GET 304 https://registry.npmjs.org/@types%2freadable-stream 424ms (from cache)
140 http fetch GET 304 https://registry.npmjs.org/@types%2fretry 417ms (from cache)
141 http fetch GET 304 https://registry.npmjs.org/@types%2fhumanize-ms 2269ms (from cache)
142 silly pacote tag manifest for @types/humanize-ms@ts3.6 fetched in 2287ms
143 silly pacote tag manifest for @types/readable-stream@ts3.6 fetched in 486ms
144 http fetch GET 304 https://registry.npmjs.org/@types%2fsafer-buffer 227ms (from cache)
145 silly pacote tag manifest for @types/retry@ts3.6 fetched in 504ms
146 silly pacote tag manifest for @types/safer-buffer@ts3.6 fetched in 249ms
147 http fetch GET 304 https://registry.npmjs.org/@types%2fsend 252ms (from cache)
148 http fetch GET 304 https://registry.npmjs.org/@types%2fserve-static 231ms (from cache)
149 silly pacote tag manifest for @types/send@ts3.6 fetched in 282ms
150 http fetch GET 304 https://registry.npmjs.org/@types%2fsemver 300ms (from cache)
151 silly pacote tag manifest for @types/serve-static@ts3.6 fetched in 263ms
152 silly pacote tag manifest for @types/semver@ts3.6 fetched in 324ms
153 http fetch GET 304 https://registry.npmjs.org/@types%2fmake-fetch-happen 1931ms (from cache)
154 http fetch GET 304 https://registry.npmjs.org/@types%2fsignal-exit 200ms (from cache)
155 silly pacote tag manifest for @types/make-fetch-happen@ts3.6 fetched in 1955ms
156 silly pacote tag manifest for @types/signal-exit@ts3.6 fetched in 232ms
157 http fetch GET 304 https://registry.npmjs.org/@types%2fssri 204ms (from cache)
158 http fetch GET 304 https://registry.npmjs.org/@types%2ftype-is 139ms (from cache)
159 http fetch GET 304 https://registry.npmjs.org/@types%2fstatuses 188ms (from cache)
160 silly pacote tag manifest for @types/ssri@ts3.6 fetched in 224ms
161 silly pacote tag manifest for @types/type-is@ts3.6 fetched in 181ms
162 silly pacote tag manifest for @types/statuses@ts3.6 fetched in 272ms
163 http fetch GET 304 https://registry.npmjs.org/@types%2ftar 239ms (from cache)
164 http fetch GET 304 https://registry.npmjs.org/@types%2futils-merge 199ms (from cache)
165 http fetch GET 304 https://registry.npmjs.org/@types%2futil-deprecate 221ms (from cache)
166 http fetch GET 304 https://registry.npmjs.org/@types%2fvary 186ms (from cache)
167 silly pacote tag manifest for @types/utils-merge@ts3.6 fetched in 243ms
168 silly pacote tag manifest for @types/tar@ts3.6 fetched in 307ms
169 http fetch GET 304 https://registry.npmjs.org/@types%2fwhatwg-url 176ms (from cache)
170 silly pacote tag manifest for @types/vary@ts3.6 fetched in 227ms
171 http fetch GET 304 https://registry.npmjs.org/@types%2fwebidl-conversions 207ms (from cache)
172 silly pacote tag manifest for @types/util-deprecate@ts3.6 fetched in 297ms
173 silly pacote tag manifest for @types/webidl-conversions@ts3.6 fetched in 234ms
174 silly pacote tag manifest for @types/whatwg-url@ts3.6 fetched in 243ms
175 http fetch GET 304 https://registry.npmjs.org/@types%2fyallist 206ms (from cache)
176 http fetch GET 304 https://registry.npmjs.org/@types%2fwhich 254ms (from cache)
177 silly pacote tag manifest for @types/yallist@ts3.6 fetched in 239ms
178 silly pacote tag manifest for @types/which@ts3.6 fetched in 269ms
179 http fetch GET 304 https://registry.npmjs.org/@types%2fpromise-retry 1961ms (from cache)
180 silly pacote tag manifest for @types/promise-retry@ts3.6 fetched in 1980ms
181 timing stage:rollbackFailedOptional Completed in 1ms
182 timing stage:runTopLevelLifecycles Completed in 8308ms
183 verbose type tag
184 verbose stack @types/call-bind: No matching version found for @types/call-bind@ts3.6.
184 verbose stack     at pickManifest (/usr/local/lib/node_modules/npm/node_modules/npm-pick-manifest/index.js:122:13)
184 verbose stack     at /usr/local/lib/node_modules/npm/node_modules/pacote/lib/fetchers/registry/manifest.js:24:14
184 verbose stack     at tryCatcher (/usr/local/lib/node_modules/npm/node_modules/bluebird/js/release/util.js:16:23)
184 verbose stack     at Promise._settlePromiseFromHandler (/usr/local/lib/node_modules/npm/node_modules/bluebird/js/release/promise.js:517:31)
184 verbose stack     at Promise._settlePromise (/usr/local/lib/node_modules/npm/node_modules/bluebird/js/release/promise.js:574:18)
184 verbose stack     at Promise._settlePromise0 (/usr/local/lib/node_modules/npm/node_modules/bluebird/js/release/promise.js:619:10)
184 verbose stack     at Promise._settlePromises (/usr/local/lib/node_modules/npm/node_modules/bluebird/js/release/promise.js:699:18)
184 verbose stack     at _drainQueueStep (/usr/local/lib/node_modules/npm/node_modules/bluebird/js/release/async.js:138:12)
184 verbose stack     at _drainQueue (/usr/local/lib/node_modules/npm/node_modules/bluebird/js/release/async.js:131:9)
184 verbose stack     at Async._drainQueues (/usr/local/lib/node_modules/npm/node_modules/bluebird/js/release/async.js:147:5)
184 verbose stack     at Immediate.Async.drainQueues [as _onImmediate] (/usr/local/lib/node_modules/npm/node_modules/bluebird/js/release/async.js:17:14)
184 verbose stack     at processImmediate (internal/timers.js:456:21)
185 verbose cwd /home/theia/.cache/typescript/3.6
186 verbose Linux 5.15.0-39-generic
187 verbose argv "/usr/local/bin/node" "/usr/local/bin/npm" "install" "--ignore-scripts" "@types/sqlite3@ts3.6" "@types/abbrev@ts3.6" "@types/accepts@ts3.6" "@types/are-we-there-yet@ts3.6" "@types/balanced-match@ts3.6" "@types/body-parser@ts3.6" "@types/brace-expansion@ts3.6" "@types/bytes@ts3.6" "@types/cacache@ts3.6" "@types/call-bind@ts3.6" "@types/chownr@ts3.6" "@types/color-support@ts3.6" "@types/concat-map@ts3.6" "@types/content-disposition@ts3.6" "@types/content-type@ts3.6" "@types/cookie@ts3.6" "@types/cookie-signature@ts3.6" "@types/debug@ts3.6" "@types/delegates@ts3.6" "@types/depd@ts3.6" "@types/destroy@ts3.6" "@types/detect-libc@ts3.6" "@types/ee-first@ts3.6" "@types/encodeurl@ts3.6" "@types/escape-html@ts3.6" "@types/etag@ts3.6" "@types/finalhandler@ts3.6" "@types/forwarded@ts3.6" "@types/fresh@ts3.6" "@types/function-bind@ts3.6" "@types/get-intrinsic@ts3.6" "@types/glob@ts3.6" "@types/graceful-fs@ts3.6" "@types/has@ts3.6" "@types/has-symbols@ts3.6" "@types/http-cache-semantics@ts3.6" "@types/http-errors@ts3.6" "@types/humanize-ms@ts3.6" "@types/imurmurhash@ts3.6" "@types/inherits@ts3.6" "@types/ip@ts3.6" "@types/isexe@ts3.6" "@types/make-fetch-happen@ts3.6" "@types/media-typer@ts3.6" "@types/merge-descriptors@ts3.6" "@types/methods@ts3.6" "@types/mime@ts3.6" "@types/mime-db@ts3.6" "@types/mime-types@ts3.6" "@types/minimatch@ts3.6" "@types/minipass@ts3.6" "@types/minizlib@ts3.6" "@types/mkdirp@ts3.6" "@types/ms@ts3.6" "@types/negotiator@ts3.6" "@types/node-fetch@ts3.6" "@types/object-assign@ts3.6" "@types/object-inspect@ts3.6" "@types/on-finished@ts3.6" "@types/once@ts3.6" "@types/parseurl@ts3.6" "@types/path-is-absolute@ts3.6" "@types/promise-inflight@ts3.6" "@types/promise-retry@ts3.6" "@types/proxy-addr@ts3.6" "@types/qs@ts3.6" "@types/range-parser@ts3.6" "@types/readable-stream@ts3.6" "@types/retry@ts3.6" "@types/rimraf@ts3.6" "@types/safer-buffer@ts3.6" "@types/semver@ts3.6" "@types/send@ts3.6" "@types/serve-static@ts3.6" "@types/signal-exit@ts3.6" "@types/ssri@ts3.6" "@types/statuses@ts3.6" "@types/tar@ts3.6" "@types/type-is@ts3.6" "@types/util-deprecate@ts3.6" "@types/utils-merge@ts3.6" "@types/vary@ts3.6" "@types/webidl-conversions@ts3.6" "@types/whatwg-url@ts3.6" "@types/which@ts3.6" "@types/yallist@ts3.6" "--save-dev" "--user-agent=typesInstaller/3.6.3"
188 verbose node v12.18.3
189 verbose npm  v6.14.6
190 error code ETARGET
191 error notarget No matching version found for @types/call-bind@ts3.6.
192 error notarget In most cases you or one of your dependencies are requesting
192 error notarget a package version that doesn't exist.
193 verbose exit [ 1, true ]
