0 info it worked if it ends with ok
1 verbose cli [
1 verbose cli   '/usr/local/bin/node',
1 verbose cli   '/usr/local/bin/npm',
1 verbose cli   'install',
1 verbose cli   '--ignore-scripts',
1 verbose cli   '@types/accepts@ts3.6',
1 verbose cli   '@types/body-parser@ts3.6',
1 verbose cli   '@types/bytes@ts3.6',
1 verbose cli   '@types/call-bind@ts3.6',
1 verbose cli   '@types/content-disposition@ts3.6',
1 verbose cli   '@types/content-type@ts3.6',
1 verbose cli   '@types/cookie@ts3.6',
1 verbose cli   '@types/cookie-signature@ts3.6',
1 verbose cli   '@types/debug@ts3.6',
1 verbose cli   '@types/depd@ts3.6',
1 verbose cli   '@types/destroy@ts3.6',
1 verbose cli   '@types/ee-first@ts3.6',
1 verbose cli   '@types/encodeurl@ts3.6',
1 verbose cli   '@types/escape-html@ts3.6',
1 verbose cli   '@types/etag@ts3.6',
1 verbose cli   '@types/finalhandler@ts3.6',
1 verbose cli   '@types/forwarded@ts3.6',
1 verbose cli   '@types/fresh@ts3.6',
1 verbose cli   '@types/function-bind@ts3.6',
1 verbose cli   '@types/get-intrinsic@ts3.6',
1 verbose cli   '@types/has@ts3.6',
1 verbose cli   '@types/has-symbols@ts3.6',
1 verbose cli   '@types/http-errors@ts3.6',
1 verbose cli   '@types/inherits@ts3.6',
1 verbose cli   '@types/media-typer@ts3.6',
1 verbose cli   '@types/merge-descriptors@ts3.6',
1 verbose cli   '@types/methods@ts3.6',
1 verbose cli   '@types/mime@ts3.6',
1 verbose cli   '@types/mime-db@ts3.6',
1 verbose cli   '@types/mime-types@ts3.6',
1 verbose cli   '@types/ms@ts3.6',
1 verbose cli   '@types/negotiator@ts3.6',
1 verbose cli   '@types/object-inspect@ts3.6',
1 verbose cli   '@types/on-finished@ts3.6',
1 verbose cli   '@types/parseurl@ts3.6',
1 verbose cli   '@types/proxy-addr@ts3.6',
1 verbose cli   '@types/qs@ts3.6',
1 verbose cli   '@types/range-parser@ts3.6',
1 verbose cli   '@types/safer-buffer@ts3.6',
1 verbose cli   '@types/send@ts3.6',
1 verbose cli   '@types/serve-static@ts3.6',
1 verbose cli   '@types/statuses@ts3.6',
1 verbose cli   '@types/type-is@ts3.6',
1 verbose cli   '@types/utils-merge@ts3.6',
1 verbose cli   '--save-dev',
1 verbose cli   '--user-agent=typesInstaller/3.6.3'
1 verbose cli ]
2 info using npm@6.14.6
3 info using node@v12.18.3
4 verbose npm-session 7bf5454bcf67610f
5 silly install loadCurrentTree
6 silly install readLocalPackageData
7 http fetch GET 304 https://registry.npmjs.org/@types%2fbody-parser 938ms (from cache)
8 http fetch GET 200 https://registry.npmjs.org/@types%2fcall-bind 941ms
9 silly fetchPackageMetaData error for @types/call-bind@ts3.6 No matching version found for @types/call-bind@ts3.6.
10 http fetch GET 304 https://registry.npmjs.org/@types%2fbytes 968ms (from cache)
11 http fetch GET 304 https://registry.npmjs.org/@types%2faccepts 1028ms (from cache)
12 silly pacote tag manifest for @types/body-parser@ts3.6 fetched in 1037ms
13 silly pacote tag manifest for @types/bytes@ts3.6 fetched in 1049ms
14 silly pacote tag manifest for @types/accepts@ts3.6 fetched in 1129ms
15 http fetch GET 304 https://registry.npmjs.org/@types%2fcookie 1158ms (from cache)
16 http fetch GET 304 https://registry.npmjs.org/@types%2fcontent-type 1167ms (from cache)
17 http fetch GET 304 https://registry.npmjs.org/@types%2fcookie-signature 1237ms (from cache)
18 http fetch GET 304 https://registry.npmjs.org/@types%2fdebug 1248ms (from cache)
19 silly pacote tag manifest for @types/cookie@ts3.6 fetched in 1254ms
20 http fetch GET 304 https://registry.npmjs.org/@types%2fcontent-disposition 1286ms (from cache)
21 silly pacote tag manifest for @types/cookie-signature@ts3.6 fetched in 1288ms
22 silly pacote tag manifest for @types/debug@ts3.6 fetched in 1291ms
23 http fetch GET 304 https://registry.npmjs.org/@types%2fdepd 1329ms (from cache)
24 silly pacote tag manifest for @types/content-disposition@ts3.6 fetched in 1344ms
25 silly pacote tag manifest for @types/content-type@ts3.6 fetched in 1343ms
26 silly pacote tag manifest for @types/depd@ts3.6 fetched in 1390ms
27 http fetch GET 304 https://registry.npmjs.org/@types%2fee-first 502ms (from cache)
28 http fetch GET 304 https://registry.npmjs.org/@types%2fescape-html 449ms (from cache)
29 silly pacote tag manifest for @types/ee-first@ts3.6 fetched in 532ms
30 http fetch GET 304 https://registry.npmjs.org/@types%2fetag 358ms (from cache)
31 silly pacote tag manifest for @types/escape-html@ts3.6 fetched in 562ms
32 silly pacote tag manifest for @types/etag@ts3.6 fetched in 408ms
33 http fetch GET 304 https://registry.npmjs.org/@types%2fhas 205ms (from cache)
34 silly pacote tag manifest for @types/has@ts3.6 fetched in 252ms
35 http fetch GET 200 https://registry.npmjs.org/@types%2fget-intrinsic 475ms
36 silly fetchPackageMetaData error for @types/get-intrinsic@ts3.6 No matching version found for @types/get-intrinsic@ts3.6.
37 http fetch GET 304 https://registry.npmjs.org/@types%2fhttp-errors 222ms (from cache)
38 silly pacote tag manifest for @types/http-errors@ts3.6 fetched in 281ms
39 http fetch GET 304 https://registry.npmjs.org/@types%2fhas-symbols 312ms (from cache)
40 silly pacote tag manifest for @types/has-symbols@ts3.6 fetched in 340ms
41 http fetch GET 304 https://registry.npmjs.org/@types%2finherits 230ms (from cache)
42 silly pacote tag manifest for @types/inherits@ts3.6 fetched in 262ms
43 http fetch GET 304 https://registry.npmjs.org/@types%2fmethods 173ms (from cache)
44 silly pacote tag manifest for @types/methods@ts3.6 fetched in 212ms
45 http fetch GET 304 https://registry.npmjs.org/@types%2fmerge-descriptors 273ms (from cache)
46 http fetch GET 304 https://registry.npmjs.org/@types%2fmime 150ms (from cache)
47 silly pacote tag manifest for @types/merge-descriptors@ts3.6 fetched in 281ms
48 silly pacote tag manifest for @types/mime@ts3.6 fetched in 167ms
49 http fetch GET 304 https://registry.npmjs.org/@types%2fms 160ms (from cache)
50 silly pacote tag manifest for @types/ms@ts3.6 fetched in 177ms
51 http fetch GET 304 https://registry.npmjs.org/@types%2fmime-types 217ms (from cache)
52 silly pacote tag manifest for @types/mime-types@ts3.6 fetched in 233ms
53 http fetch GET 304 https://registry.npmjs.org/@types%2ffunction-bind 1282ms (from cache)
54 silly pacote tag manifest for @types/function-bind@ts3.6 fetched in 1301ms
55 http fetch GET 304 https://registry.npmjs.org/@types%2fobject-inspect 389ms (from cache)
56 silly pacote tag manifest for @types/object-inspect@ts3.6 fetched in 418ms
57 http fetch GET 304 https://registry.npmjs.org/@types%2fon-finished 248ms (from cache)
58 http fetch GET 304 https://registry.npmjs.org/@types%2fdestroy 1958ms (from cache)
59 silly pacote tag manifest for @types/on-finished@ts3.6 fetched in 261ms
60 silly pacote tag manifest for @types/destroy@ts3.6 fetched in 1979ms
61 http fetch GET 304 https://registry.npmjs.org/@types%2fqs 119ms (from cache)
62 silly pacote tag manifest for @types/qs@ts3.6 fetched in 131ms
63 http fetch GET 304 https://registry.npmjs.org/@types%2fencodeurl 2038ms (from cache)
64 silly pacote tag manifest for @types/encodeurl@ts3.6 fetched in 2052ms
65 http fetch GET 304 https://registry.npmjs.org/@types%2fparseurl 211ms (from cache)
66 silly pacote tag manifest for @types/parseurl@ts3.6 fetched in 220ms
67 http fetch GET 304 https://registry.npmjs.org/@types%2fproxy-addr 227ms (from cache)
68 silly pacote tag manifest for @types/proxy-addr@ts3.6 fetched in 307ms
69 http fetch GET 304 https://registry.npmjs.org/@types%2ffinalhandler 1955ms (from cache)
70 http fetch GET 304 https://registry.npmjs.org/@types%2frange-parser 221ms (from cache)
71 http fetch GET 304 https://registry.npmjs.org/@types%2fforwarded 1983ms (from cache)
72 silly pacote tag manifest for @types/finalhandler@ts3.6 fetched in 1989ms
73 silly pacote tag manifest for @types/range-parser@ts3.6 fetched in 239ms
74 silly pacote tag manifest for @types/forwarded@ts3.6 fetched in 1996ms
75 http fetch GET 304 https://registry.npmjs.org/@types%2fmime-db 1132ms (from cache)
76 http fetch GET 304 https://registry.npmjs.org/@types%2fsafer-buffer 258ms (from cache)
77 http fetch GET 304 https://registry.npmjs.org/@types%2fserve-static 140ms (from cache)
78 silly pacote tag manifest for @types/mime-db@ts3.6 fetched in 1156ms
79 silly pacote tag manifest for @types/safer-buffer@ts3.6 fetched in 280ms
80 silly pacote tag manifest for @types/serve-static@ts3.6 fetched in 163ms
81 http fetch GET 304 https://registry.npmjs.org/@types%2fstatuses 100ms (from cache)
82 silly pacote tag manifest for @types/statuses@ts3.6 fetched in 102ms
83 http fetch GET 304 https://registry.npmjs.org/@types%2ftype-is 246ms (from cache)
84 http fetch GET 304 https://registry.npmjs.org/@types%2futils-merge 248ms (from cache)
85 silly pacote tag manifest for @types/utils-merge@ts3.6 fetched in 260ms
86 silly pacote tag manifest for @types/type-is@ts3.6 fetched in 261ms
87 http fetch GET 304 https://registry.npmjs.org/@types%2ffresh 2221ms (from cache)
88 silly pacote tag manifest for @types/fresh@ts3.6 fetched in 2224ms
89 http fetch GET 304 https://registry.npmjs.org/@types%2fmedia-typer 1993ms (from cache)
90 silly pacote tag manifest for @types/media-typer@ts3.6 fetched in 1998ms
91 http fetch GET 304 https://registry.npmjs.org/@types%2fsend 998ms (from cache)
92 silly pacote tag manifest for @types/send@ts3.6 fetched in 1001ms
93 http fetch GET 304 https://registry.npmjs.org/@types%2fnegotiator 1853ms (from cache)
94 silly pacote tag manifest for @types/negotiator@ts3.6 fetched in 1857ms
95 timing stage:rollbackFailedOptional Completed in 1ms
96 timing stage:runTopLevelLifecycles Completed in 5116ms
97 verbose type tag
98 verbose stack @types/call-bind: No matching version found for @types/call-bind@ts3.6.
98 verbose stack     at pickManifest (/usr/local/lib/node_modules/npm/node_modules/npm-pick-manifest/index.js:122:13)
98 verbose stack     at /usr/local/lib/node_modules/npm/node_modules/pacote/lib/fetchers/registry/manifest.js:24:14
98 verbose stack     at tryCatcher (/usr/local/lib/node_modules/npm/node_modules/bluebird/js/release/util.js:16:23)
98 verbose stack     at Promise._settlePromiseFromHandler (/usr/local/lib/node_modules/npm/node_modules/bluebird/js/release/promise.js:517:31)
98 verbose stack     at Promise._settlePromise (/usr/local/lib/node_modules/npm/node_modules/bluebird/js/release/promise.js:574:18)
98 verbose stack     at Promise._settlePromise0 (/usr/local/lib/node_modules/npm/node_modules/bluebird/js/release/promise.js:619:10)
98 verbose stack     at Promise._settlePromises (/usr/local/lib/node_modules/npm/node_modules/bluebird/js/release/promise.js:699:18)
98 verbose stack     at _drainQueueStep (/usr/local/lib/node_modules/npm/node_modules/bluebird/js/release/async.js:138:12)
98 verbose stack     at _drainQueue (/usr/local/lib/node_modules/npm/node_modules/bluebird/js/release/async.js:131:9)
98 verbose stack     at Async._drainQueues (/usr/local/lib/node_modules/npm/node_modules/bluebird/js/release/async.js:147:5)
98 verbose stack     at Immediate.Async.drainQueues [as _onImmediate] (/usr/local/lib/node_modules/npm/node_modules/bluebird/js/release/async.js:17:14)
98 verbose stack     at processImmediate (internal/timers.js:456:21)
99 verbose cwd /home/theia/.cache/typescript/3.6
100 verbose Linux 5.15.0-39-generic
101 verbose argv "/usr/local/bin/node" "/usr/local/bin/npm" "install" "--ignore-scripts" "@types/accepts@ts3.6" "@types/body-parser@ts3.6" "@types/bytes@ts3.6" "@types/call-bind@ts3.6" "@types/content-disposition@ts3.6" "@types/content-type@ts3.6" "@types/cookie@ts3.6" "@types/cookie-signature@ts3.6" "@types/debug@ts3.6" "@types/depd@ts3.6" "@types/destroy@ts3.6" "@types/ee-first@ts3.6" "@types/encodeurl@ts3.6" "@types/escape-html@ts3.6" "@types/etag@ts3.6" "@types/finalhandler@ts3.6" "@types/forwarded@ts3.6" "@types/fresh@ts3.6" "@types/function-bind@ts3.6" "@types/get-intrinsic@ts3.6" "@types/has@ts3.6" "@types/has-symbols@ts3.6" "@types/http-errors@ts3.6" "@types/inherits@ts3.6" "@types/media-typer@ts3.6" "@types/merge-descriptors@ts3.6" "@types/methods@ts3.6" "@types/mime@ts3.6" "@types/mime-db@ts3.6" "@types/mime-types@ts3.6" "@types/ms@ts3.6" "@types/negotiator@ts3.6" "@types/object-inspect@ts3.6" "@types/on-finished@ts3.6" "@types/parseurl@ts3.6" "@types/proxy-addr@ts3.6" "@types/qs@ts3.6" "@types/range-parser@ts3.6" "@types/safer-buffer@ts3.6" "@types/send@ts3.6" "@types/serve-static@ts3.6" "@types/statuses@ts3.6" "@types/type-is@ts3.6" "@types/utils-merge@ts3.6" "--save-dev" "--user-agent=typesInstaller/3.6.3"
102 verbose node v12.18.3
103 verbose npm  v6.14.6
104 error code ETARGET
105 error notarget No matching version found for @types/call-bind@ts3.6.
106 error notarget In most cases you or one of your dependencies are requesting
106 error notarget a package version that doesn't exist.
107 verbose exit [ 1, true ]
