0 info it worked if it ends with ok
1 verbose cli [
1 verbose cli   '/usr/local/bin/node',
1 verbose cli   '/usr/local/bin/npm',
1 verbose cli   'install',
1 verbose cli   '--ignore-scripts',
1 verbose cli   '@types/accepts@ts3.6',
1 verbose cli   '@types/body-parser@ts3.6',
1 verbose cli   '@types/bytes@ts3.6',
1 verbose cli   '@types/call-bind@ts3.6',
1 verbose cli   '@types/content-disposition@ts3.6',
1 verbose cli   '@types/content-type@ts3.6',
1 verbose cli   '@types/cookie@ts3.6',
1 verbose cli   '@types/cookie-signature@ts3.6',
1 verbose cli   '@types/debug@ts3.6',
1 verbose cli   '@types/depd@ts3.6',
1 verbose cli   '@types/destroy@ts3.6',
1 verbose cli   '@types/ee-first@ts3.6',
1 verbose cli   '@types/encodeurl@ts3.6',
1 verbose cli   '@types/escape-html@ts3.6',
1 verbose cli   '@types/etag@ts3.6',
1 verbose cli   '@types/finalhandler@ts3.6',
1 verbose cli   '@types/forwarded@ts3.6',
1 verbose cli   '@types/fresh@ts3.6',
1 verbose cli   '@types/function-bind@ts3.6',
1 verbose cli   '@types/get-intrinsic@ts3.6',
1 verbose cli   '@types/has@ts3.6',
1 verbose cli   '@types/has-symbols@ts3.6',
1 verbose cli   '@types/http-errors@ts3.6',
1 verbose cli   '@types/inherits@ts3.6',
1 verbose cli   '@types/media-typer@ts3.6',
1 verbose cli   '@types/merge-descriptors@ts3.6',
1 verbose cli   '@types/methods@ts3.6',
1 verbose cli   '@types/mime@ts3.6',
1 verbose cli   '@types/mime-db@ts3.6',
1 verbose cli   '@types/mime-types@ts3.6',
1 verbose cli   '@types/ms@ts3.6',
1 verbose cli   '@types/negotiator@ts3.6',
1 verbose cli   '@types/object-inspect@ts3.6',
1 verbose cli   '@types/on-finished@ts3.6',
1 verbose cli   '@types/parseurl@ts3.6',
1 verbose cli   '@types/proxy-addr@ts3.6',
1 verbose cli   '@types/qs@ts3.6',
1 verbose cli   '@types/range-parser@ts3.6',
1 verbose cli   '@types/safer-buffer@ts3.6',
1 verbose cli   '@types/send@ts3.6',
1 verbose cli   '@types/serve-static@ts3.6',
1 verbose cli   '@types/statuses@ts3.6',
1 verbose cli   '@types/type-is@ts3.6',
1 verbose cli   '@types/utils-merge@ts3.6',
1 verbose cli   '--save-dev',
1 verbose cli   '--user-agent=typesInstaller/3.6.3'
1 verbose cli ]
2 info using npm@6.14.6
3 info using node@v12.18.3
4 verbose npm-session 70c3ab539d5a15c9
5 silly install loadCurrentTree
6 silly install readLocalPackageData
7 http fetch GET 304 https://registry.npmjs.org/@types%2faccepts 1354ms (from cache)
8 http fetch GET 304 https://registry.npmjs.org/@types%2fcall-bind 1370ms (from cache)
9 silly registry:manifest no matching version for @types/call-bind@ts3.6 in the cache. Forcing revalidation.
10 http fetch GET 304 https://registry.npmjs.org/@types%2fcontent-disposition 1403ms (from cache)
11 http fetch GET 304 https://registry.npmjs.org/@types%2fcookie-signature 1407ms (from cache)
12 http fetch GET 304 https://registry.npmjs.org/@types%2fcontent-type 1416ms (from cache)
13 http fetch GET 304 https://registry.npmjs.org/@types%2fdebug 1405ms (from cache)
14 http fetch GET 304 https://registry.npmjs.org/@types%2fbytes 1447ms (from cache)
15 http fetch GET 304 https://registry.npmjs.org/@types%2fbody-parser 1453ms (from cache)
16 silly pacote tag manifest for @types/content-disposition@ts3.6 fetched in 1471ms
17 silly pacote tag manifest for @types/accepts@ts3.6 fetched in 1506ms
18 silly pacote tag manifest for @types/cookie-signature@ts3.6 fetched in 1493ms
19 silly pacote tag manifest for @types/debug@ts3.6 fetched in 1497ms
20 silly pacote tag manifest for @types/body-parser@ts3.6 fetched in 1591ms
21 silly pacote tag manifest for @types/bytes@ts3.6 fetched in 1592ms
22 http fetch GET 304 https://registry.npmjs.org/@types%2fdepd 1632ms (from cache)
23 silly pacote tag manifest for @types/depd@ts3.6 fetched in 1770ms
24 silly pacote tag manifest for @types/content-type@ts3.6 fetched in 1787ms
25 http fetch GET 304 https://registry.npmjs.org/@types%2fcookie 1846ms (from cache)
26 http fetch GET 200 https://registry.npmjs.org/@types%2fcall-bind 497ms
27 silly fetchPackageMetaData error for @types/call-bind@ts3.6 No matching version found for @types/call-bind@ts3.6.
28 silly pacote tag manifest for @types/cookie@ts3.6 fetched in 1926ms
29 http fetch GET 304 https://registry.npmjs.org/@types%2fee-first 656ms (from cache)
30 http fetch GET 304 https://registry.npmjs.org/@types%2fdestroy 732ms (from cache)
31 silly pacote tag manifest for @types/ee-first@ts3.6 fetched in 738ms
32 http fetch GET 304 https://registry.npmjs.org/@types%2fencodeurl 729ms (from cache)
33 http fetch GET 304 https://registry.npmjs.org/@types%2ffinalhandler 682ms (from cache)
34 http fetch GET 304 https://registry.npmjs.org/@types%2fescape-html 753ms (from cache)
35 http fetch GET 304 https://registry.npmjs.org/@types%2fetag 773ms (from cache)
36 silly pacote tag manifest for @types/destroy@ts3.6 fetched in 915ms
37 silly pacote tag manifest for @types/encodeurl@ts3.6 fetched in 961ms
38 silly pacote tag manifest for @types/finalhandler@ts3.6 fetched in 955ms
39 silly pacote tag manifest for @types/etag@ts3.6 fetched in 987ms
40 silly pacote tag manifest for @types/escape-html@ts3.6 fetched in 1053ms
41 http fetch GET 304 https://registry.npmjs.org/@types%2ffresh 870ms (from cache)
42 http fetch GET 304 https://registry.npmjs.org/@types%2ffunction-bind 825ms (from cache)
43 silly pacote tag manifest for @types/fresh@ts3.6 fetched in 934ms
44 http fetch GET 304 https://registry.npmjs.org/@types%2fforwarded 962ms (from cache)
45 http fetch GET 304 https://registry.npmjs.org/@types%2fget-intrinsic 884ms (from cache)
46 silly registry:manifest no matching version for @types/get-intrinsic@ts3.6 in the cache. Forcing revalidation.
47 silly pacote tag manifest for @types/forwarded@ts3.6 fetched in 1079ms
48 http fetch GET 304 https://registry.npmjs.org/@types%2fhas 814ms (from cache)
49 silly pacote tag manifest for @types/function-bind@ts3.6 fetched in 1211ms
50 http fetch GET 304 https://registry.npmjs.org/@types%2fhttp-errors 669ms (from cache)
51 http fetch GET 304 https://registry.npmjs.org/@types%2fhas-symbols 762ms (from cache)
52 http fetch GET 304 https://registry.npmjs.org/@types%2fmerge-descriptors 626ms (from cache)
53 http fetch GET 304 https://registry.npmjs.org/@types%2finherits 668ms (from cache)
54 silly pacote tag manifest for @types/has-symbols@ts3.6 fetched in 834ms
55 silly pacote tag manifest for @types/merge-descriptors@ts3.6 fetched in 653ms
56 http fetch GET 304 https://registry.npmjs.org/@types%2fmedia-typer 656ms (from cache)
57 http fetch GET 200 https://registry.npmjs.org/@types%2fget-intrinsic 419ms
58 silly fetchPackageMetaData error for @types/get-intrinsic@ts3.6 No matching version found for @types/get-intrinsic@ts3.6.
59 silly pacote tag manifest for @types/inherits@ts3.6 fetched in 833ms
60 silly pacote tag manifest for @types/has@ts3.6 fetched in 1176ms
61 silly pacote tag manifest for @types/http-errors@ts3.6 fetched in 990ms
62 silly pacote tag manifest for @types/media-typer@ts3.6 fetched in 902ms
63 http fetch GET 304 https://registry.npmjs.org/@types%2fmethods 843ms (from cache)
64 http fetch GET 304 https://registry.npmjs.org/@types%2fmime 705ms (from cache)
65 silly pacote tag manifest for @types/mime@ts3.6 fetched in 739ms
66 silly pacote tag manifest for @types/methods@ts3.6 fetched in 879ms
67 http fetch GET 304 https://registry.npmjs.org/@types%2fmime-db 589ms (from cache)
68 http fetch GET 304 https://registry.npmjs.org/@types%2fms 526ms (from cache)
69 silly pacote tag manifest for @types/ms@ts3.6 fetched in 548ms
70 http fetch GET 304 https://registry.npmjs.org/@types%2fon-finished 361ms (from cache)
71 http fetch GET 304 https://registry.npmjs.org/@types%2fmime-types 554ms (from cache)
72 silly pacote tag manifest for @types/mime-db@ts3.6 fetched in 701ms
73 http fetch GET 304 https://registry.npmjs.org/@types%2fparseurl 341ms (from cache)
74 http fetch GET 304 https://registry.npmjs.org/@types%2fobject-inspect 426ms (from cache)
75 silly pacote tag manifest for @types/on-finished@ts3.6 fetched in 427ms
76 silly pacote tag manifest for @types/parseurl@ts3.6 fetched in 385ms
77 silly pacote tag manifest for @types/mime-types@ts3.6 fetched in 624ms
78 silly pacote tag manifest for @types/object-inspect@ts3.6 fetched in 479ms
79 http fetch GET 304 https://registry.npmjs.org/@types%2fproxy-addr 413ms (from cache)
80 silly pacote tag manifest for @types/proxy-addr@ts3.6 fetched in 522ms
81 http fetch GET 304 https://registry.npmjs.org/@types%2frange-parser 382ms (from cache)
82 silly pacote tag manifest for @types/range-parser@ts3.6 fetched in 392ms
83 http fetch GET 304 https://registry.npmjs.org/@types%2fsafer-buffer 231ms (from cache)
84 http fetch GET 304 https://registry.npmjs.org/@types%2fsend 212ms (from cache)
85 silly pacote tag manifest for @types/safer-buffer@ts3.6 fetched in 243ms
86 http fetch GET 304 https://registry.npmjs.org/@types%2fqs 406ms (from cache)
87 http fetch GET 304 https://registry.npmjs.org/@types%2fstatuses 174ms (from cache)
88 silly pacote tag manifest for @types/send@ts3.6 fetched in 223ms
89 http fetch GET 304 https://registry.npmjs.org/@types%2ftype-is 180ms (from cache)
90 http fetch GET 304 https://registry.npmjs.org/@types%2fserve-static 188ms (from cache)
91 silly pacote tag manifest for @types/statuses@ts3.6 fetched in 186ms
92 silly pacote tag manifest for @types/qs@ts3.6 fetched in 426ms
93 http fetch GET 304 https://registry.npmjs.org/@types%2futils-merge 212ms (from cache)
94 silly pacote tag manifest for @types/serve-static@ts3.6 fetched in 227ms
95 silly pacote tag manifest for @types/type-is@ts3.6 fetched in 223ms
96 silly pacote tag manifest for @types/utils-merge@ts3.6 fetched in 216ms
97 http fetch GET 304 https://registry.npmjs.org/@types%2fnegotiator 979ms (from cache)
98 silly pacote tag manifest for @types/negotiator@ts3.6 fetched in 982ms
99 timing stage:rollbackFailedOptional Completed in 2ms
100 timing stage:runTopLevelLifecycles Completed in 5361ms
101 verbose type tag
102 verbose stack @types/call-bind: No matching version found for @types/call-bind@ts3.6.
102 verbose stack     at pickManifest (/usr/local/lib/node_modules/npm/node_modules/npm-pick-manifest/index.js:122:13)
102 verbose stack     at /usr/local/lib/node_modules/npm/node_modules/pacote/lib/fetchers/registry/manifest.js:43:18
102 verbose stack     at tryCatcher (/usr/local/lib/node_modules/npm/node_modules/bluebird/js/release/util.js:16:23)
102 verbose stack     at Promise._settlePromiseFromHandler (/usr/local/lib/node_modules/npm/node_modules/bluebird/js/release/promise.js:517:31)
102 verbose stack     at Promise._settlePromise (/usr/local/lib/node_modules/npm/node_modules/bluebird/js/release/promise.js:574:18)
102 verbose stack     at Promise._settlePromise0 (/usr/local/lib/node_modules/npm/node_modules/bluebird/js/release/promise.js:619:10)
102 verbose stack     at Promise._settlePromises (/usr/local/lib/node_modules/npm/node_modules/bluebird/js/release/promise.js:699:18)
102 verbose stack     at _drainQueueStep (/usr/local/lib/node_modules/npm/node_modules/bluebird/js/release/async.js:138:12)
102 verbose stack     at _drainQueue (/usr/local/lib/node_modules/npm/node_modules/bluebird/js/release/async.js:131:9)
102 verbose stack     at Async._drainQueues (/usr/local/lib/node_modules/npm/node_modules/bluebird/js/release/async.js:147:5)
102 verbose stack     at Immediate.Async.drainQueues [as _onImmediate] (/usr/local/lib/node_modules/npm/node_modules/bluebird/js/release/async.js:17:14)
102 verbose stack     at processImmediate (internal/timers.js:456:21)
103 verbose cwd /home/theia/.cache/typescript/3.6
104 verbose Linux 5.15.0-39-generic
105 verbose argv "/usr/local/bin/node" "/usr/local/bin/npm" "install" "--ignore-scripts" "@types/accepts@ts3.6" "@types/body-parser@ts3.6" "@types/bytes@ts3.6" "@types/call-bind@ts3.6" "@types/content-disposition@ts3.6" "@types/content-type@ts3.6" "@types/cookie@ts3.6" "@types/cookie-signature@ts3.6" "@types/debug@ts3.6" "@types/depd@ts3.6" "@types/destroy@ts3.6" "@types/ee-first@ts3.6" "@types/encodeurl@ts3.6" "@types/escape-html@ts3.6" "@types/etag@ts3.6" "@types/finalhandler@ts3.6" "@types/forwarded@ts3.6" "@types/fresh@ts3.6" "@types/function-bind@ts3.6" "@types/get-intrinsic@ts3.6" "@types/has@ts3.6" "@types/has-symbols@ts3.6" "@types/http-errors@ts3.6" "@types/inherits@ts3.6" "@types/media-typer@ts3.6" "@types/merge-descriptors@ts3.6" "@types/methods@ts3.6" "@types/mime@ts3.6" "@types/mime-db@ts3.6" "@types/mime-types@ts3.6" "@types/ms@ts3.6" "@types/negotiator@ts3.6" "@types/object-inspect@ts3.6" "@types/on-finished@ts3.6" "@types/parseurl@ts3.6" "@types/proxy-addr@ts3.6" "@types/qs@ts3.6" "@types/range-parser@ts3.6" "@types/safer-buffer@ts3.6" "@types/send@ts3.6" "@types/serve-static@ts3.6" "@types/statuses@ts3.6" "@types/type-is@ts3.6" "@types/utils-merge@ts3.6" "--save-dev" "--user-agent=typesInstaller/3.6.3"
106 verbose node v12.18.3
107 verbose npm  v6.14.6
108 error code ETARGET
109 error notarget No matching version found for @types/call-bind@ts3.6.
110 error notarget In most cases you or one of your dependencies are requesting
110 error notarget a package version that doesn't exist.
111 verbose exit [ 1, true ]
