0 info it worked if it ends with ok
1 verbose cli [
1 verbose cli   '/usr/local/bin/node',
1 verbose cli   '/usr/local/bin/npm',
1 verbose cli   'install',
1 verbose cli   '--ignore-scripts',
1 verbose cli   '@types/accepts@ts3.6',
1 verbose cli   '@types/body-parser@ts3.6',
1 verbose cli   '@types/bytes@ts3.6',
1 verbose cli   '@types/call-bind@ts3.6',
1 verbose cli   '@types/content-disposition@ts3.6',
1 verbose cli   '@types/content-type@ts3.6',
1 verbose cli   '@types/cookie@ts3.6',
1 verbose cli   '@types/cookie-signature@ts3.6',
1 verbose cli   '@types/debug@ts3.6',
1 verbose cli   '@types/depd@ts3.6',
1 verbose cli   '@types/destroy@ts3.6',
1 verbose cli   '@types/ee-first@ts3.6',
1 verbose cli   '@types/encodeurl@ts3.6',
1 verbose cli   '@types/escape-html@ts3.6',
1 verbose cli   '@types/etag@ts3.6',
1 verbose cli   '@types/finalhandler@ts3.6',
1 verbose cli   '@types/forwarded@ts3.6',
1 verbose cli   '@types/fresh@ts3.6',
1 verbose cli   '@types/function-bind@ts3.6',
1 verbose cli   '@types/get-intrinsic@ts3.6',
1 verbose cli   '@types/has@ts3.6',
1 verbose cli   '@types/has-symbols@ts3.6',
1 verbose cli   '@types/http-errors@ts3.6',
1 verbose cli   '@types/inherits@ts3.6',
1 verbose cli   '@types/media-typer@ts3.6',
1 verbose cli   '@types/merge-descriptors@ts3.6',
1 verbose cli   '@types/methods@ts3.6',
1 verbose cli   '@types/mime@ts3.6',
1 verbose cli   '@types/mime-db@ts3.6',
1 verbose cli   '@types/mime-types@ts3.6',
1 verbose cli   '@types/ms@ts3.6',
1 verbose cli   '@types/negotiator@ts3.6',
1 verbose cli   '@types/object-inspect@ts3.6',
1 verbose cli   '@types/on-finished@ts3.6',
1 verbose cli   '@types/parseurl@ts3.6',
1 verbose cli   '@types/proxy-addr@ts3.6',
1 verbose cli   '@types/qs@ts3.6',
1 verbose cli   '@types/range-parser@ts3.6',
1 verbose cli   '@types/safer-buffer@ts3.6',
1 verbose cli   '@types/send@ts3.6',
1 verbose cli   '@types/serve-static@ts3.6',
1 verbose cli   '@types/statuses@ts3.6',
1 verbose cli   '@types/type-is@ts3.6',
1 verbose cli   '@types/utils-merge@ts3.6',
1 verbose cli   '--save-dev',
1 verbose cli   '--user-agent=typesInstaller/3.6.3'
1 verbose cli ]
2 info using npm@6.14.6
3 info using node@v12.18.3
4 verbose npm-session 8ecdb269570208d6
5 silly install loadCurrentTree
6 silly install readLocalPackageData
7 http fetch GET 304 https://registry.npmjs.org/@types%2fbytes 1197ms (from cache)
8 http fetch GET 304 https://registry.npmjs.org/@types%2fcontent-disposition 1192ms (from cache)
9 http fetch GET 304 https://registry.npmjs.org/@types%2fcontent-type 1182ms (from cache)
10 http fetch GET 304 https://registry.npmjs.org/@types%2faccepts 1235ms (from cache)
11 silly pacote tag manifest for @types/bytes@ts3.6 fetched in 1230ms
12 http fetch GET 304 https://registry.npmjs.org/@types%2fdepd 1287ms (from cache)
13 http fetch GET 304 https://registry.npmjs.org/@types%2fcookie-signature 1296ms (from cache)
14 http fetch GET 304 https://registry.npmjs.org/@types%2fcall-bind 1324ms (from cache)
15 silly registry:manifest no matching version for @types/call-bind@ts3.6 in the cache. Forcing revalidation.
16 silly pacote tag manifest for @types/content-disposition@ts3.6 fetched in 1365ms
17 silly pacote tag manifest for @types/accepts@ts3.6 fetched in 1406ms
18 silly pacote tag manifest for @types/content-type@ts3.6 fetched in 1368ms
19 silly pacote tag manifest for @types/cookie-signature@ts3.6 fetched in 1356ms
20 silly pacote tag manifest for @types/depd@ts3.6 fetched in 1353ms
21 http fetch GET 304 https://registry.npmjs.org/@types%2fdebug 1643ms (from cache)
22 http fetch GET 304 https://registry.npmjs.org/@types%2fbody-parser 1679ms (from cache)
23 silly pacote tag manifest for @types/debug@ts3.6 fetched in 1961ms
24 silly pacote tag manifest for @types/body-parser@ts3.6 fetched in 1997ms
25 http fetch GET 304 https://registry.npmjs.org/@types%2fcookie 2000ms (from cache)
26 silly pacote tag manifest for @types/cookie@ts3.6 fetched in 2082ms
27 http fetch GET 200 https://registry.npmjs.org/@types%2fcall-bind 841ms
28 silly fetchPackageMetaData error for @types/call-bind@ts3.6 No matching version found for @types/call-bind@ts3.6.
29 http fetch GET 304 https://registry.npmjs.org/@types%2fee-first 894ms (from cache)
30 http fetch GET 304 https://registry.npmjs.org/@types%2fdestroy 1032ms (from cache)
31 http fetch GET 304 https://registry.npmjs.org/@types%2ffinalhandler 905ms (from cache)
32 silly pacote tag manifest for @types/ee-first@ts3.6 fetched in 926ms
33 http fetch GET 304 https://registry.npmjs.org/@types%2fencodeurl 929ms (from cache)
34 http fetch GET 304 https://registry.npmjs.org/@types%2fetag 928ms (from cache)
35 silly pacote tag manifest for @types/destroy@ts3.6 fetched in 1099ms
36 http fetch GET 304 https://registry.npmjs.org/@types%2fescape-html 939ms (from cache)
37 silly pacote tag manifest for @types/etag@ts3.6 fetched in 1067ms
38 silly pacote tag manifest for @types/finalhandler@ts3.6 fetched in 1071ms
39 silly pacote tag manifest for @types/encodeurl@ts3.6 fetched in 1085ms
40 silly pacote tag manifest for @types/escape-html@ts3.6 fetched in 1153ms
41 http fetch GET 304 https://registry.npmjs.org/@types%2fforwarded 604ms (from cache)
42 http fetch GET 304 https://registry.npmjs.org/@types%2ffresh 612ms (from cache)
43 silly pacote tag manifest for @types/forwarded@ts3.6 fetched in 634ms
44 http fetch GET 304 https://registry.npmjs.org/@types%2fget-intrinsic 506ms (from cache)
45 silly registry:manifest no matching version for @types/get-intrinsic@ts3.6 in the cache. Forcing revalidation.
46 silly pacote tag manifest for @types/fresh@ts3.6 fetched in 777ms
47 http fetch GET 304 https://registry.npmjs.org/@types%2fhas-symbols 473ms (from cache)
48 http fetch GET 304 https://registry.npmjs.org/@types%2finherits 405ms (from cache)
49 silly pacote tag manifest for @types/has-symbols@ts3.6 fetched in 561ms
50 silly pacote tag manifest for @types/inherits@ts3.6 fetched in 430ms
51 http fetch GET 304 https://registry.npmjs.org/@types%2fmerge-descriptors 365ms (from cache)
52 http fetch GET 304 https://registry.npmjs.org/@types%2fhttp-errors 453ms (from cache)
53 silly pacote tag manifest for @types/merge-descriptors@ts3.6 fetched in 393ms
54 http fetch GET 304 https://registry.npmjs.org/@types%2fmedia-typer 474ms (from cache)
55 http fetch GET 200 https://registry.npmjs.org/@types%2fget-intrinsic 255ms
56 silly fetchPackageMetaData error for @types/get-intrinsic@ts3.6 No matching version found for @types/get-intrinsic@ts3.6.
57 silly pacote tag manifest for @types/http-errors@ts3.6 fetched in 704ms
58 silly pacote tag manifest for @types/media-typer@ts3.6 fetched in 704ms
59 http fetch GET 304 https://registry.npmjs.org/@types%2fmime 714ms (from cache)
60 http fetch GET 304 https://registry.npmjs.org/@types%2fmime-types 596ms (from cache)
61 http fetch GET 304 https://registry.npmjs.org/@types%2fmime-db 655ms (from cache)
62 http fetch GET 304 https://registry.npmjs.org/@types%2fnegotiator 592ms (from cache)
63 silly pacote tag manifest for @types/mime@ts3.6 fetched in 806ms
64 silly pacote tag manifest for @types/mime-types@ts3.6 fetched in 726ms
65 silly pacote tag manifest for @types/mime-db@ts3.6 fetched in 745ms
66 silly pacote tag manifest for @types/negotiator@ts3.6 fetched in 689ms
67 http fetch GET 304 https://registry.npmjs.org/@types%2fms 786ms (from cache)
68 silly pacote tag manifest for @types/ms@ts3.6 fetched in 822ms
69 http fetch GET 304 https://registry.npmjs.org/@types%2fobject-inspect 603ms (from cache)
70 http fetch GET 304 https://registry.npmjs.org/@types%2fon-finished 600ms (from cache)
71 silly pacote tag manifest for @types/on-finished@ts3.6 fetched in 639ms
72 silly pacote tag manifest for @types/object-inspect@ts3.6 fetched in 721ms
73 http fetch GET 304 https://registry.npmjs.org/@types%2fparseurl 377ms (from cache)
74 silly pacote tag manifest for @types/parseurl@ts3.6 fetched in 417ms
75 http fetch GET 304 https://registry.npmjs.org/@types%2frange-parser 346ms (from cache)
76 http fetch GET 304 https://registry.npmjs.org/@types%2fproxy-addr 362ms (from cache)
77 http fetch GET 304 https://registry.npmjs.org/@types%2fqs 369ms (from cache)
78 http fetch GET 304 https://registry.npmjs.org/@types%2fsafer-buffer 269ms (from cache)
79 silly pacote tag manifest for @types/range-parser@ts3.6 fetched in 380ms
80 silly pacote tag manifest for @types/safer-buffer@ts3.6 fetched in 301ms
81 http fetch GET 304 https://registry.npmjs.org/@types%2fsend 240ms (from cache)
82 silly pacote tag manifest for @types/qs@ts3.6 fetched in 451ms
83 silly pacote tag manifest for @types/proxy-addr@ts3.6 fetched in 456ms
84 silly pacote tag manifest for @types/send@ts3.6 fetched in 278ms
85 http fetch GET 304 https://registry.npmjs.org/@types%2fmethods 1584ms (from cache)
86 silly pacote tag manifest for @types/methods@ts3.6 fetched in 1602ms
87 http fetch GET 304 https://registry.npmjs.org/@types%2ffunction-bind 2136ms (from cache)
88 http fetch GET 304 https://registry.npmjs.org/@types%2fstatuses 241ms (from cache)
89 http fetch GET 304 https://registry.npmjs.org/@types%2fserve-static 343ms (from cache)
90 http fetch GET 304 https://registry.npmjs.org/@types%2ftype-is 217ms (from cache)
91 silly pacote tag manifest for @types/function-bind@ts3.6 fetched in 2156ms
92 http fetch GET 304 https://registry.npmjs.org/@types%2futils-merge 203ms (from cache)
93 silly pacote tag manifest for @types/serve-static@ts3.6 fetched in 373ms
94 silly pacote tag manifest for @types/statuses@ts3.6 fetched in 276ms
95 silly pacote tag manifest for @types/type-is@ts3.6 fetched in 240ms
96 silly pacote tag manifest for @types/utils-merge@ts3.6 fetched in 210ms
97 http fetch GET 304 https://registry.npmjs.org/@types%2fhas 2146ms (from cache)
98 silly pacote tag manifest for @types/has@ts3.6 fetched in 2150ms
99 timing stage:rollbackFailedOptional Completed in 2ms
100 timing stage:runTopLevelLifecycles Completed in 5210ms
101 verbose type tag
102 verbose stack @types/call-bind: No matching version found for @types/call-bind@ts3.6.
102 verbose stack     at pickManifest (/usr/local/lib/node_modules/npm/node_modules/npm-pick-manifest/index.js:122:13)
102 verbose stack     at /usr/local/lib/node_modules/npm/node_modules/pacote/lib/fetchers/registry/manifest.js:43:18
102 verbose stack     at tryCatcher (/usr/local/lib/node_modules/npm/node_modules/bluebird/js/release/util.js:16:23)
102 verbose stack     at Promise._settlePromiseFromHandler (/usr/local/lib/node_modules/npm/node_modules/bluebird/js/release/promise.js:517:31)
102 verbose stack     at Promise._settlePromise (/usr/local/lib/node_modules/npm/node_modules/bluebird/js/release/promise.js:574:18)
102 verbose stack     at Promise._settlePromise0 (/usr/local/lib/node_modules/npm/node_modules/bluebird/js/release/promise.js:619:10)
102 verbose stack     at Promise._settlePromises (/usr/local/lib/node_modules/npm/node_modules/bluebird/js/release/promise.js:699:18)
102 verbose stack     at _drainQueueStep (/usr/local/lib/node_modules/npm/node_modules/bluebird/js/release/async.js:138:12)
102 verbose stack     at _drainQueue (/usr/local/lib/node_modules/npm/node_modules/bluebird/js/release/async.js:131:9)
102 verbose stack     at Async._drainQueues (/usr/local/lib/node_modules/npm/node_modules/bluebird/js/release/async.js:147:5)
102 verbose stack     at Immediate.Async.drainQueues [as _onImmediate] (/usr/local/lib/node_modules/npm/node_modules/bluebird/js/release/async.js:17:14)
102 verbose stack     at processImmediate (internal/timers.js:456:21)
103 verbose cwd /home/theia/.cache/typescript/3.6
104 verbose Linux 5.15.0-39-generic
105 verbose argv "/usr/local/bin/node" "/usr/local/bin/npm" "install" "--ignore-scripts" "@types/accepts@ts3.6" "@types/body-parser@ts3.6" "@types/bytes@ts3.6" "@types/call-bind@ts3.6" "@types/content-disposition@ts3.6" "@types/content-type@ts3.6" "@types/cookie@ts3.6" "@types/cookie-signature@ts3.6" "@types/debug@ts3.6" "@types/depd@ts3.6" "@types/destroy@ts3.6" "@types/ee-first@ts3.6" "@types/encodeurl@ts3.6" "@types/escape-html@ts3.6" "@types/etag@ts3.6" "@types/finalhandler@ts3.6" "@types/forwarded@ts3.6" "@types/fresh@ts3.6" "@types/function-bind@ts3.6" "@types/get-intrinsic@ts3.6" "@types/has@ts3.6" "@types/has-symbols@ts3.6" "@types/http-errors@ts3.6" "@types/inherits@ts3.6" "@types/media-typer@ts3.6" "@types/merge-descriptors@ts3.6" "@types/methods@ts3.6" "@types/mime@ts3.6" "@types/mime-db@ts3.6" "@types/mime-types@ts3.6" "@types/ms@ts3.6" "@types/negotiator@ts3.6" "@types/object-inspect@ts3.6" "@types/on-finished@ts3.6" "@types/parseurl@ts3.6" "@types/proxy-addr@ts3.6" "@types/qs@ts3.6" "@types/range-parser@ts3.6" "@types/safer-buffer@ts3.6" "@types/send@ts3.6" "@types/serve-static@ts3.6" "@types/statuses@ts3.6" "@types/type-is@ts3.6" "@types/utils-merge@ts3.6" "--save-dev" "--user-agent=typesInstaller/3.6.3"
106 verbose node v12.18.3
107 verbose npm  v6.14.6
108 error code ETARGET
109 error notarget No matching version found for @types/call-bind@ts3.6.
110 error notarget In most cases you or one of your dependencies are requesting
110 error notarget a package version that doesn't exist.
111 verbose exit [ 1, true ]
